\BOOKMARK [0][-]{chapter.1}{\376\377\0001\000\040\000S\000P\000I\000\040\000+\000\040\000V\000G\000A\000\040\000P\000r\000o\000b\000l\000e\000m\000s}{}% 1
\BOOKMARK [1][-]{section.1.1}{\376\377\0001\000.\0001\000\040\000I\000n\000c\000l\000u\000d\000e\000\040\000h\000e\000l\000l\000\040\000r\000e\000s\000o\000l\000v\000e\000\040\000?\000?\000?}{chapter.1}% 2
\BOOKMARK [1][-]{section.1.2}{\376\377\0001\000.\0002\000\040\000D\000A\000T\000A\000B\000I\000N\000D\000I\000N\000G}{chapter.1}% 3
\BOOKMARK [1][-]{section.1.3}{\376\377\0001\000.\0003\000\040\000S\000D\000\040\000e\000x\000a\000m\000p\000l\000e\000,\000\040\000p\000r\000a\000c\000a\000\040\000z\000o\000\040\000z\000l\000o\000c\000k\000a\000m\000i\000\040\000a\000t\000d\000\040\000e\000x\000a\000m\000p\000l\000e\000.\000.\000.}{chapter.1}% 4
\BOOKMARK [1][-]{section.1.4}{\376\377\0001\000.\0004\000\040\000U\000P\000D\000A\000T\000E\000\040\000S\000D\000K}{chapter.1}% 5
\BOOKMARK [0][-]{chapter.2}{\376\377\0002\000\040\000n\000o\000t\000e\000s}{}% 6
\BOOKMARK [0][-]{chapter.3}{\376\377\0003\000\040\000n\000o\000t\000e\000s}{}% 7
\BOOKMARK [0][-]{chapter.4}{\376\377\0004\000\040\000n\000o\000t\000e\000s}{}% 8
\BOOKMARK [0][-]{chapter.5}{\376\377\0005\000\040\000G\000U\000I\000\040\000T\000O\000D\000O}{}% 9
\BOOKMARK [1][-]{section.5.1}{\376\377\0005\000.\0001\000\040\000R\000E\000S\000T\000R\000U\000C\000T\000U\000R\000E\000\040\000N\000a\000m\000e\000s\000p\000a\000c\000e\000s}{chapter.5}% 10
\BOOKMARK [1][-]{section.5.2}{\376\377\0005\000.\0002\000\040\000C\000o\000n\000t\000r\000o\000l\000s}{chapter.5}% 11
\BOOKMARK [1][-]{section.5.3}{\376\377\0005\000.\0003\000\040\000V\000i\000e\000w\000s}{chapter.5}% 12
\BOOKMARK [1][-]{section.5.4}{\376\377\0005\000.\0004\000\040\000T\000o\000\040\000a\000d\000d\000/\000i\000m\000p\000l\000e\000m\000e\000n\000t}{chapter.5}% 13
\BOOKMARK [1][-]{section.5.5}{\376\377\0005\000.\0005\000\040\000B\000u\000t\000t\000o\000n\000\040\000x\000a\000m\000a\000r\000i\000n\000\040\000e\000x\000a\000m\000p\000l\000e}{chapter.5}% 14
\BOOKMARK [0][-]{chapter.6}{\376\377\0006\000\040\000R\000E\000A\000D\000M\000E}{}% 15
\BOOKMARK [1][-]{section.6.1}{\376\377\0006\000.\0001\000\040\000F\000R\000A\000M\000E\000W\000O\000R\000K}{chapter.6}% 16
\BOOKMARK [0][-]{chapter.7}{\376\377\0007\000\040\000H\000i\000e\000r\000a\000r\000c\000h\000i\000c\000a\000l\000\040\000I\000n\000d\000e\000x}{}% 17
\BOOKMARK [1][-]{section.7.1}{\376\377\0007\000.\0001\000\040\000C\000l\000a\000s\000s\000\040\000H\000i\000e\000r\000a\000r\000c\000h\000y}{chapter.7}% 18
\BOOKMARK [0][-]{chapter.8}{\376\377\0008\000\040\000C\000l\000a\000s\000s\000\040\000I\000n\000d\000e\000x}{}% 19
\BOOKMARK [1][-]{section.8.1}{\376\377\0008\000.\0001\000\040\000C\000l\000a\000s\000s\000\040\000L\000i\000s\000t}{chapter.8}% 20
\BOOKMARK [0][-]{chapter.9}{\376\377\0009\000\040\000F\000i\000l\000e\000\040\000I\000n\000d\000e\000x}{}% 21
\BOOKMARK [1][-]{section.9.1}{\376\377\0009\000.\0001\000\040\000F\000i\000l\000e\000\040\000L\000i\000s\000t}{chapter.9}% 22
\BOOKMARK [0][-]{chapter.10}{\376\377\0001\0000\000\040\000C\000l\000a\000s\000s\000\040\000D\000o\000c\000u\000m\000e\000n\000t\000a\000t\000i\000o\000n}{}% 23
\BOOKMARK [1][-]{section.10.1}{\376\377\0001\0000\000.\0001\000\040\000\137\000b\000m\000p\000B\000I\000T\000M\000A\000P\000F\000I\000L\000E\000H\000E\000A\000D\000E\000R\000\040\000S\000t\000r\000u\000c\000t\000\040\000R\000e\000f\000e\000r\000e\000n\000c\000e}{chapter.10}% 24
\BOOKMARK [1][-]{section.10.2}{\376\377\0001\0000\000.\0002\000\040\000\137\000b\000m\000p\000B\000I\000T\000M\000A\000P\000I\000N\000F\000O\000H\000E\000A\000D\000E\000R\000\040\000S\000t\000r\000u\000c\000t\000\040\000R\000e\000f\000e\000r\000e\000n\000c\000e}{chapter.10}% 25
\BOOKMARK [1][-]{section.10.3}{\376\377\0001\0000\000.\0003\000\040\000r\000p\000g\000u\000i\000:\000:\000l\000a\000y\000o\000u\000t\000:\000:\000A\000b\000s\000o\000l\000u\000t\000e\000L\000a\000y\000o\000u\000t\000\040\000C\000l\000a\000s\000s\000\040\000R\000e\000f\000e\000r\000e\000n\000c\000e}{chapter.10}% 26
\BOOKMARK [2][-]{subsection.10.3.1}{\376\377\0001\0000\000.\0003\000.\0001\000\040\000M\000e\000m\000b\000e\000r\000\040\000F\000u\000n\000c\000t\000i\000o\000n\000\040\000D\000o\000c\000u\000m\000e\000n\000t\000a\000t\000i\000o\000n}{section.10.3}% 27
\BOOKMARK [3][-]{subsubsection.10.3.1.1}{\376\377\0001\0000\000.\0003\000.\0001\000.\0001\000\040\000D\000r\000a\000w\000\050\000\051}{subsection.10.3.1}% 28
\BOOKMARK [1][-]{section.10.4}{\376\377\0001\0000\000.\0004\000\040\000r\000p\000g\000u\000i\000:\000:\000c\000o\000m\000m\000o\000n\000:\000:\000A\000c\000t\000i\000v\000a\000t\000a\000b\000l\000e\000\040\000C\000l\000a\000s\000s\000\040\000R\000e\000f\000e\000r\000e\000n\000c\000e}{chapter.10}% 29
\BOOKMARK [1][-]{section.10.5}{\376\377\0001\0000\000.\0005\000\040\000P\000o\000n\000g\000:\000:\000B\000a\000l\000l\000\040\000C\000l\000a\000s\000s\000\040\000R\000e\000f\000e\000r\000e\000n\000c\000e}{chapter.10}% 30
\BOOKMARK [1][-]{section.10.6}{\376\377\0001\0000\000.\0006\000\040\000r\000p\000g\000u\000i\000:\000:\000c\000o\000m\000m\000o\000n\000:\000:\000B\000i\000n\000d\000a\000b\000l\000e\000P\000r\000o\000p\000e\000r\000t\000y\000<\000\040\000T\000\040\000>\000\040\000C\000l\000a\000s\000s\000\040\000T\000e\000m\000p\000l\000a\000t\000e\000\040\000R\000e\000f\000e\000r\000e\000n\000c\000e}{chapter.10}% 31
\BOOKMARK [1][-]{section.10.7}{\376\377\0001\0000\000.\0007\000\040\000r\000p\000g\000u\000i\000:\000:\000c\000o\000m\000m\000o\000n\000:\000:\000B\000o\000u\000n\000d\000s\000\040\000S\000t\000r\000u\000c\000t\000\040\000R\000e\000f\000e\000r\000e\000n\000c\000e}{chapter.10}% 32
\BOOKMARK [1][-]{section.10.8}{\376\377\0001\0000\000.\0008\000\040\000r\000p\000g\000u\000i\000:\000:\000u\000i\000:\000:\000B\000u\000t\000t\000o\000n\000\040\000C\000l\000a\000s\000s\000\040\000R\000e\000f\000e\000r\000e\000n\000c\000e}{chapter.10}% 33
\BOOKMARK [2][-]{subsection.10.8.1}{\376\377\0001\0000\000.\0008\000.\0001\000\040\000M\000e\000m\000b\000e\000r\000\040\000F\000u\000n\000c\000t\000i\000o\000n\000\040\000D\000o\000c\000u\000m\000e\000n\000t\000a\000t\000i\000o\000n}{section.10.8}% 34
\BOOKMARK [3][-]{subsubsection.10.8.1.1}{\376\377\0001\0000\000.\0008\000.\0001\000.\0001\000\040\000D\000r\000a\000w\000\050\000\051}{subsection.10.8.1}% 35
\BOOKMARK [3][-]{subsubsection.10.8.1.2}{\376\377\0001\0000\000.\0008\000.\0001\000.\0002\000\040\000S\000e\000t\000B\000o\000u\000n\000d\000s\000\050\000\051}{subsection.10.8.1}% 36
\BOOKMARK [1][-]{section.10.9}{\376\377\0001\0000\000.\0009\000\040\000c\000G\000a\000u\000s\000s\000D\000R\000a\000n\000d\000o\000m\000\040\000C\000l\000a\000s\000s\000\040\000R\000e\000f\000e\000r\000e\000n\000c\000e}{chapter.10}% 37
\BOOKMARK [1][-]{section.10.10}{\376\377\0001\0000\000.\0001\0000\000\040\000c\000G\000a\000u\000s\000s\000F\000R\000a\000n\000d\000o\000m\000\040\000C\000l\000a\000s\000s\000\040\000R\000e\000f\000e\000r\000e\000n\000c\000e}{chapter.10}% 38
\BOOKMARK [1][-]{section.10.11}{\376\377\0001\0000\000.\0001\0001\000\040\000r\000p\000g\000u\000i\000:\000:\000u\000i\000:\000:\000C\000h\000e\000c\000k\000B\000o\000x\000\040\000C\000l\000a\000s\000s\000\040\000R\000e\000f\000e\000r\000e\000n\000c\000e}{chapter.10}% 39
\BOOKMARK [2][-]{subsection.10.11.1}{\376\377\0001\0000\000.\0001\0001\000.\0001\000\040\000M\000e\000m\000b\000e\000r\000\040\000F\000u\000n\000c\000t\000i\000o\000n\000\040\000D\000o\000c\000u\000m\000e\000n\000t\000a\000t\000i\000o\000n}{section.10.11}% 40
\BOOKMARK [3][-]{subsubsection.10.11.1.1}{\376\377\0001\0000\000.\0001\0001\000.\0001\000.\0001\000\040\000D\000r\000a\000w\000\050\000\051}{subsection.10.11.1}% 41
\BOOKMARK [1][-]{section.10.12}{\376\377\0001\0000\000.\0001\0002\000\040\000r\000p\000g\000u\000i\000:\000:\000u\000i\000:\000:\000C\000i\000r\000c\000l\000e\000\040\000C\000l\000a\000s\000s\000\040\000R\000e\000f\000e\000r\000e\000n\000c\000e}{chapter.10}% 42
\BOOKMARK [2][-]{subsection.10.12.1}{\376\377\0001\0000\000.\0001\0002\000.\0001\000\040\000M\000e\000m\000b\000e\000r\000\040\000F\000u\000n\000c\000t\000i\000o\000n\000\040\000D\000o\000c\000u\000m\000e\000n\000t\000a\000t\000i\000o\000n}{section.10.12}% 43
\BOOKMARK [3][-]{subsubsection.10.12.1.1}{\376\377\0001\0000\000.\0001\0002\000.\0001\000.\0001\000\040\000D\000r\000a\000w\000\050\000\051}{subsection.10.12.1}% 44
\BOOKMARK [1][-]{section.10.13}{\376\377\0001\0000\000.\0001\0003\000\040\000r\000p\000g\000u\000i\000:\000:\000c\000o\000m\000m\000o\000n\000:\000:\000C\000l\000i\000c\000k\000a\000b\000l\000e\000\040\000C\000l\000a\000s\000s\000\040\000R\000e\000f\000e\000r\000e\000n\000c\000e}{chapter.10}% 45
\BOOKMARK [1][-]{section.10.14}{\376\377\0001\0000\000.\0001\0004\000\040\000c\000M\000a\000t\0002\000D\000<\000\040\000m\0002\000t\000y\000p\000e\000\040\000>\000\040\000C\000l\000a\000s\000s\000\040\000T\000e\000m\000p\000l\000a\000t\000e\000\040\000R\000e\000f\000e\000r\000e\000n\000c\000e}{chapter.10}% 46
\BOOKMARK [1][-]{section.10.15}{\376\377\0001\0000\000.\0001\0005\000\040\000c\000M\000a\000t\0002\000D\000f\000\040\000C\000l\000a\000s\000s\000\040\000R\000e\000f\000e\000r\000e\000n\000c\000e}{chapter.10}% 47
\BOOKMARK [1][-]{section.10.16}{\376\377\0001\0000\000.\0001\0006\000\040\000P\000o\000n\000g\000:\000:\000C\000o\000n\000t\000a\000c\000t\000\040\000S\000t\000r\000u\000c\000t\000\040\000R\000e\000f\000e\000r\000e\000n\000c\000e}{chapter.10}% 48
\BOOKMARK [1][-]{section.10.17}{\376\377\0001\0000\000.\0001\0007\000\040\000c\000R\000a\000n\000d\000o\000m\000\040\000C\000l\000a\000s\000s\000\040\000R\000e\000f\000e\000r\000e\000n\000c\000e}{chapter.10}% 49
\BOOKMARK [1][-]{section.10.18}{\376\377\0001\0000\000.\0001\0008\000\040\000r\000p\000g\000u\000i\000:\000:\000c\000o\000r\000e\000:\000:\000C\000u\000r\000s\000o\000r\000\040\000C\000l\000a\000s\000s\000\040\000R\000e\000f\000e\000r\000e\000n\000c\000e}{chapter.10}% 50
\BOOKMARK [2][-]{subsection.10.18.1}{\376\377\0001\0000\000.\0001\0008\000.\0001\000\040\000M\000e\000m\000b\000e\000r\000\040\000F\000u\000n\000c\000t\000i\000o\000n\000\040\000D\000o\000c\000u\000m\000e\000n\000t\000a\000t\000i\000o\000n}{section.10.18}% 51
\BOOKMARK [3][-]{subsubsection.10.18.1.1}{\376\377\0001\0000\000.\0001\0008\000.\0001\000.\0001\000\040\000D\000r\000a\000w\000\050\000\051}{subsection.10.18.1}% 52
\BOOKMARK [3][-]{subsubsection.10.18.1.2}{\376\377\0001\0000\000.\0001\0008\000.\0001\000.\0002\000\040\000S\000e\000t\000B\000o\000u\000n\000d\000s\000\050\000\051}{subsection.10.18.1}% 53
\BOOKMARK [1][-]{section.10.19}{\376\377\0001\0000\000.\0001\0009\000\040\000D\000I\000R\000\040\000S\000t\000r\000u\000c\000t\000\040\000R\000e\000f\000e\000r\000e\000n\000c\000e}{chapter.10}% 54
\BOOKMARK [1][-]{section.10.20}{\376\377\0001\0000\000.\0002\0000\000\040\000r\000p\000g\000u\000i\000:\000:\000e\000v\000e\000n\000t\000:\000:\000D\000i\000s\000p\000a\000t\000c\000h\000e\000r\000<\000\040\000T\000\040\000>\000\040\000C\000l\000a\000s\000s\000\040\000T\000e\000m\000p\000l\000a\000t\000e\000\040\000R\000e\000f\000e\000r\000e\000n\000c\000e}{chapter.10}% 55
\BOOKMARK [1][-]{section.10.21}{\376\377\0001\0000\000.\0002\0001\000\040\000r\000p\000g\000u\000i\000:\000:\000c\000o\000m\000m\000o\000n\000:\000:\000E\000l\000e\000m\000e\000n\000t\000\040\000C\000l\000a\000s\000s\000\040\000R\000e\000f\000e\000r\000e\000n\000c\000e}{chapter.10}% 56
\BOOKMARK [2][-]{subsection.10.21.1}{\376\377\0001\0000\000.\0002\0001\000.\0001\000\040\000M\000e\000m\000b\000e\000r\000\040\000F\000u\000n\000c\000t\000i\000o\000n\000\040\000D\000o\000c\000u\000m\000e\000n\000t\000a\000t\000i\000o\000n}{section.10.21}% 57
\BOOKMARK [3][-]{subsubsection.10.21.1.1}{\376\377\0001\0000\000.\0002\0001\000.\0001\000.\0001\000\040\000S\000e\000t\000A\000c\000t\000i\000v\000e\000\050\000\051}{subsection.10.21.1}% 58
\BOOKMARK [1][-]{section.10.22}{\376\377\0001\0000\000.\0002\0002\000\040\000r\000p\000g\000u\000i\000:\000:\000u\000i\000:\000:\000E\000n\000t\000r\000y\000\040\000C\000l\000a\000s\000s\000\040\000R\000e\000f\000e\000r\000e\000n\000c\000e}{chapter.10}% 59
\BOOKMARK [2][-]{subsection.10.22.1}{\376\377\0001\0000\000.\0002\0002\000.\0001\000\040\000M\000e\000m\000b\000e\000r\000\040\000F\000u\000n\000c\000t\000i\000o\000n\000\040\000D\000o\000c\000u\000m\000e\000n\000t\000a\000t\000i\000o\000n}{section.10.22}% 60
\BOOKMARK [3][-]{subsubsection.10.22.1.1}{\376\377\0001\0000\000.\0002\0002\000.\0001\000.\0001\000\040\000D\000r\000a\000w\000\050\000\051}{subsection.10.22.1}% 61
\BOOKMARK [3][-]{subsubsection.10.22.1.2}{\376\377\0001\0000\000.\0002\0002\000.\0001\000.\0002\000\040\000H\000a\000n\000d\000l\000e\000A\000c\000t\000i\000v\000e\000\050\000\051}{subsection.10.22.1}% 62
\BOOKMARK [1][-]{section.10.23}{\376\377\0001\0000\000.\0002\0003\000\040\000F\000A\000T\000F\000S\000\040\000S\000t\000r\000u\000c\000t\000\040\000R\000e\000f\000e\000r\000e\000n\000c\000e}{chapter.10}% 63
\BOOKMARK [1][-]{section.10.24}{\376\377\0001\0000\000.\0002\0004\000\040\000F\000F\000\137\000F\000i\000n\000d\000D\000a\000t\000a\000\137\000t\000\040\000S\000t\000r\000u\000c\000t\000\040\000R\000e\000f\000e\000r\000e\000n\000c\000e}{chapter.10}% 64
\BOOKMARK [1][-]{section.10.25}{\376\377\0001\0000\000.\0002\0005\000\040\000F\000F\000\137\000S\000T\000A\000T\000\040\000S\000t\000r\000u\000c\000t\000\040\000R\000e\000f\000e\000r\000e\000n\000c\000e}{chapter.10}% 65
\BOOKMARK [1][-]{section.10.26}{\376\377\0001\0000\000.\0002\0006\000\040\000F\000F\000O\000B\000J\000I\000D\000\040\000S\000t\000r\000u\000c\000t\000\040\000R\000e\000f\000e\000r\000e\000n\000c\000e}{chapter.10}% 66
\BOOKMARK [1][-]{section.10.27}{\376\377\0001\0000\000.\0002\0007\000\040\000F\000I\000L\000\040\000S\000t\000r\000u\000c\000t\000\040\000R\000e\000f\000e\000r\000e\000n\000c\000e}{chapter.10}% 67
\BOOKMARK [1][-]{section.10.28}{\376\377\0001\0000\000.\0002\0008\000\040\000F\000I\000L\000E\000S\000E\000M\000\040\000S\000t\000r\000u\000c\000t\000\040\000R\000e\000f\000e\000r\000e\000n\000c\000e}{chapter.10}% 68
\BOOKMARK [1][-]{section.10.29}{\376\377\0001\0000\000.\0002\0009\000\040\000F\000I\000L\000I\000N\000F\000O\000\040\000S\000t\000r\000u\000c\000t\000\040\000R\000e\000f\000e\000r\000e\000n\000c\000e}{chapter.10}% 69
\BOOKMARK [1][-]{section.10.30}{\376\377\0001\0000\000.\0003\0000\000\040\000r\000p\000g\000u\000i\000:\000:\000e\000v\000e\000n\000t\000:\000:\000H\000a\000n\000d\000l\000e\000r\000\040\000S\000t\000r\000u\000c\000t\000\040\000R\000e\000f\000e\000r\000e\000n\000c\000e}{chapter.10}% 70
\BOOKMARK [1][-]{section.10.31}{\376\377\0001\0000\000.\0003\0001\000\040\000r\000p\000g\000u\000i\000:\000:\000t\000y\000p\000e\000:\000:\000H\000e\000i\000g\000h\000t\000\040\000S\000t\000r\000u\000c\000t\000\040\000R\000e\000f\000e\000r\000e\000n\000c\000e}{chapter.10}% 71
\BOOKMARK [1][-]{section.10.32}{\376\377\0001\0000\000.\0003\0002\000\040\000H\000I\000D\000:\000:\000k\000b\000d\000\040\000S\000t\000r\000u\000c\000t\000\040\000R\000e\000f\000e\000r\000e\000n\000c\000e}{chapter.10}% 72
\BOOKMARK [1][-]{section.10.33}{\376\377\0001\0000\000.\0003\0003\000\040\000r\000p\000g\000u\000i\000:\000:\000u\000i\000:\000:\000L\000a\000b\000e\000l\000\040\000C\000l\000a\000s\000s\000\040\000R\000e\000f\000e\000r\000e\000n\000c\000e}{chapter.10}% 73
\BOOKMARK [2][-]{subsection.10.33.1}{\376\377\0001\0000\000.\0003\0003\000.\0001\000\040\000M\000e\000m\000b\000e\000r\000\040\000F\000u\000n\000c\000t\000i\000o\000n\000\040\000D\000o\000c\000u\000m\000e\000n\000t\000a\000t\000i\000o\000n}{section.10.33}% 74
\BOOKMARK [3][-]{subsubsection.10.33.1.1}{\376\377\0001\0000\000.\0003\0003\000.\0001\000.\0001\000\040\000D\000r\000a\000w\000\050\000\051}{subsection.10.33.1}% 75
\BOOKMARK [1][-]{section.10.34}{\376\377\0001\0000\000.\0003\0004\000\040\000r\000p\000g\000u\000i\000:\000:\000l\000a\000y\000o\000u\000t\000:\000:\000L\000a\000y\000o\000u\000t\000\040\000C\000l\000a\000s\000s\000\040\000R\000e\000f\000e\000r\000e\000n\000c\000e}{chapter.10}% 76
\BOOKMARK [1][-]{section.10.35}{\376\377\0001\0000\000.\0003\0005\000\040\000r\000p\000g\000u\000i\000:\000:\000u\000i\000:\000:\000L\000i\000n\000e\000\040\000C\000l\000a\000s\000s\000\040\000R\000e\000f\000e\000r\000e\000n\000c\000e}{chapter.10}% 77
\BOOKMARK [2][-]{subsection.10.35.1}{\376\377\0001\0000\000.\0003\0005\000.\0001\000\040\000M\000e\000m\000b\000e\000r\000\040\000F\000u\000n\000c\000t\000i\000o\000n\000\040\000D\000o\000c\000u\000m\000e\000n\000t\000a\000t\000i\000o\000n}{section.10.35}% 78
\BOOKMARK [3][-]{subsubsection.10.35.1.1}{\376\377\0001\0000\000.\0003\0005\000.\0001\000.\0001\000\040\000D\000r\000a\000w\000\050\000\051}{subsection.10.35.1}% 79
\BOOKMARK [1][-]{section.10.36}{\376\377\0001\0000\000.\0003\0006\000\040\000r\000p\000l\000o\000g\000:\000:\000L\000o\000g\000g\000e\000r\000\040\000C\000l\000a\000s\000s\000\040\000R\000e\000f\000e\000r\000e\000n\000c\000e}{chapter.10}% 80
\BOOKMARK [1][-]{section.10.37}{\376\377\0001\0000\000.\0003\0007\000\040\000r\000p\000g\000u\000i\000:\000:\000c\000o\000r\000e\000:\000:\000M\000a\000i\000n\000A\000p\000p\000\040\000C\000l\000a\000s\000s\000\040\000R\000e\000f\000e\000r\000e\000n\000c\000e}{chapter.10}% 81
\BOOKMARK [2][-]{subsection.10.37.1}{\376\377\0001\0000\000.\0003\0007\000.\0001\000\040\000D\000e\000t\000a\000i\000l\000e\000d\000\040\000D\000e\000s\000c\000r\000i\000p\000t\000i\000o\000n}{section.10.37}% 82
\BOOKMARK [2][-]{subsection.10.37.2}{\376\377\0001\0000\000.\0003\0007\000.\0002\000\040\000M\000e\000m\000b\000e\000r\000\040\000F\000u\000n\000c\000t\000i\000o\000n\000\040\000D\000o\000c\000u\000m\000e\000n\000t\000a\000t\000i\000o\000n}{section.10.37}% 83
\BOOKMARK [3][-]{subsubsection.10.37.2.1}{\376\377\0001\0000\000.\0003\0007\000.\0002\000.\0001\000\040\000A\000d\000d\000L\000i\000s\000t\000e\000n\000e\000r\000\050\000\051}{subsection.10.37.2}% 84
\BOOKMARK [3][-]{subsubsection.10.37.2.2}{\376\377\0001\0000\000.\0003\0007\000.\0002\000.\0002\000\040\000A\000d\000d\000P\000a\000g\000e\000\050\000\051}{subsection.10.37.2}% 85
\BOOKMARK [3][-]{subsubsection.10.37.2.3}{\376\377\0001\0000\000.\0003\0007\000.\0002\000.\0003\000\040\000G\000e\000t\000S\000e\000l\000e\000c\000t\000e\000d\000P\000a\000g\000e\000A\000t\000\050\000\051}{subsection.10.37.2}% 86
\BOOKMARK [3][-]{subsubsection.10.37.2.4}{\376\377\0001\0000\000.\0003\0007\000.\0002\000.\0004\000\040\000G\000e\000t\000S\000e\000l\000e\000c\000t\000e\000d\000P\000a\000g\000e\000I\000d\000\050\000\051}{subsection.10.37.2}% 87
\BOOKMARK [3][-]{subsubsection.10.37.2.5}{\376\377\0001\0000\000.\0003\0007\000.\0002\000.\0005\000\040\000I\000n\000i\000t\000\050\000\051}{subsection.10.37.2}% 88
\BOOKMARK [3][-]{subsubsection.10.37.2.6}{\376\377\0001\0000\000.\0003\0007\000.\0002\000.\0006\000\040\000S\000e\000l\000e\000c\000t\000P\000a\000g\000e\000\050\000\051}{subsection.10.37.2}% 89
\BOOKMARK [3][-]{subsubsection.10.37.2.7}{\376\377\0001\0000\000.\0003\0007\000.\0002\000.\0007\000\040\000S\000e\000l\000e\000c\000t\000P\000a\000g\000e\000A\000t\000\050\000\051}{subsection.10.37.2}% 90
\BOOKMARK [3][-]{subsubsection.10.37.2.8}{\376\377\0001\0000\000.\0003\0007\000.\0002\000.\0008\000\040\000U\000p\000d\000a\000t\000e\000\050\000\051}{subsection.10.37.2}% 91
\BOOKMARK [1][-]{section.10.38}{\376\377\0001\0000\000.\0003\0008\000\040\000r\000p\000g\000u\000i\000:\000:\000c\000o\000m\000m\000o\000n\000:\000:\000M\000a\000r\000g\000i\000n\000\040\000S\000t\000r\000u\000c\000t\000\040\000R\000e\000f\000e\000r\000e\000n\000c\000e}{chapter.10}% 92
\BOOKMARK [1][-]{section.10.39}{\376\377\0001\0000\000.\0003\0009\000\040\000M\000K\000F\000S\000\137\000P\000A\000R\000M\000\040\000S\000t\000r\000u\000c\000t\000\040\000R\000e\000f\000e\000r\000e\000n\000c\000e}{chapter.10}% 93
\BOOKMARK [1][-]{section.10.40}{\376\377\0001\0000\000.\0004\0000\000\040\000H\000I\000D\000:\000:\000m\000o\000u\000s\000e\000\040\000S\000t\000r\000u\000c\000t\000\040\000R\000e\000f\000e\000r\000e\000n\000c\000e}{chapter.10}% 94
\BOOKMARK [1][-]{section.10.41}{\376\377\0001\0000\000.\0004\0001\000\040\000r\000p\000g\000u\000i\000:\000:\000e\000v\000e\000n\000t\000:\000:\000M\000o\000u\000s\000e\000D\000i\000s\000p\000a\000t\000c\000h\000e\000r\000\040\000C\000l\000a\000s\000s\000\040\000R\000e\000f\000e\000r\000e\000n\000c\000e}{chapter.10}% 95
\BOOKMARK [1][-]{section.10.42}{\376\377\0001\0000\000.\0004\0002\000\040\000r\000p\000g\000u\000i\000:\000:\000e\000v\000e\000n\000t\000:\000:\000M\000o\000u\000s\000e\000E\000v\000e\000n\000t\000<\000\040\000T\000\040\000>\000\040\000C\000l\000a\000s\000s\000\040\000T\000e\000m\000p\000l\000a\000t\000e\000\040\000R\000e\000f\000e\000r\000e\000n\000c\000e}{chapter.10}% 96
\BOOKMARK [1][-]{section.10.43}{\376\377\0001\0000\000.\0004\0003\000\040\000P\000o\000n\000g\000:\000:\000P\000a\000d\000d\000l\000e\000\040\000C\000l\000a\000s\000s\000\040\000R\000e\000f\000e\000r\000e\000n\000c\000e}{chapter.10}% 97
\BOOKMARK [1][-]{section.10.44}{\376\377\0001\0000\000.\0004\0004\000\040\000r\000p\000g\000u\000i\000:\000:\000p\000a\000g\000e\000:\000:\000P\000a\000g\000e\000\040\000C\000l\000a\000s\000s\000\040\000R\000e\000f\000e\000r\000e\000n\000c\000e}{chapter.10}% 98
\BOOKMARK [1][-]{section.10.45}{\376\377\0001\0000\000.\0004\0005\000\040\000P\000o\000n\000g\000:\000:\000P\000l\000a\000y\000e\000r\000S\000c\000o\000r\000e\000\040\000C\000l\000a\000s\000s\000\040\000R\000e\000f\000e\000r\000e\000n\000c\000e}{chapter.10}% 99
\BOOKMARK [1][-]{section.10.46}{\376\377\0001\0000\000.\0004\0006\000\040\000r\000p\000g\000u\000i\000:\000:\000t\000y\000p\000e\000:\000:\000P\000o\000i\000n\000t\000\040\000S\000t\000r\000u\000c\000t\000\040\000R\000e\000f\000e\000r\000e\000n\000c\000e}{chapter.10}% 100
\BOOKMARK [1][-]{section.10.47}{\376\377\0001\0000\000.\0004\0007\000\040\000r\000p\000g\000u\000i\000:\000:\000u\000i\000:\000:\000P\000o\000l\000y\000l\000i\000n\000e\000\040\000C\000l\000a\000s\000s\000\040\000R\000e\000f\000e\000r\000e\000n\000c\000e}{chapter.10}% 101
\BOOKMARK [2][-]{subsection.10.47.1}{\376\377\0001\0000\000.\0004\0007\000.\0001\000\040\000M\000e\000m\000b\000e\000r\000\040\000F\000u\000n\000c\000t\000i\000o\000n\000\040\000D\000o\000c\000u\000m\000e\000n\000t\000a\000t\000i\000o\000n}{section.10.47}% 102
\BOOKMARK [3][-]{subsubsection.10.47.1.1}{\376\377\0001\0000\000.\0004\0007\000.\0001\000.\0001\000\040\000D\000r\000a\000w\000\050\000\051}{subsection.10.47.1}% 103
\BOOKMARK [1][-]{section.10.48}{\376\377\0001\0000\000.\0004\0008\000\040\000P\000o\000n\000g\000:\000:\000P\000o\000n\000g\000G\000a\000m\000e\000\040\000C\000l\000a\000s\000s\000\040\000R\000e\000f\000e\000r\000e\000n\000c\000e}{chapter.10}% 104
\BOOKMARK [1][-]{section.10.49}{\376\377\0001\0000\000.\0004\0009\000\040\000r\000p\000g\000u\000i\000:\000:\000c\000o\000r\000e\000:\000:\000C\000u\000r\000s\000o\000r\000:\000:\000p\000o\000s\000\137\000t\000\040\000S\000t\000r\000u\000c\000t\000\040\000R\000e\000f\000e\000r\000e\000n\000c\000e}{chapter.10}% 105
\BOOKMARK [1][-]{section.10.50}{\376\377\0001\0000\000.\0005\0000\000\040\000r\000p\000g\000u\000i\000:\000:\000u\000i\000:\000:\000P\000r\000o\000g\000r\000e\000s\000s\000B\000a\000r\000\040\000C\000l\000a\000s\000s\000\040\000R\000e\000f\000e\000r\000e\000n\000c\000e}{chapter.10}% 106
\BOOKMARK [2][-]{subsection.10.50.1}{\376\377\0001\0000\000.\0005\0000\000.\0001\000\040\000M\000e\000m\000b\000e\000r\000\040\000F\000u\000n\000c\000t\000i\000o\000n\000\040\000D\000o\000c\000u\000m\000e\000n\000t\000a\000t\000i\000o\000n}{section.10.50}% 107
\BOOKMARK [3][-]{subsubsection.10.50.1.1}{\376\377\0001\0000\000.\0005\0000\000.\0001\000.\0001\000\040\000D\000r\000a\000w\000\050\000\051}{subsection.10.50.1}% 108
\BOOKMARK [3][-]{subsubsection.10.50.1.2}{\376\377\0001\0000\000.\0005\0000\000.\0001\000.\0002\000\040\000S\000e\000t\000B\000o\000u\000n\000d\000s\000\050\000\051}{subsection.10.50.1}% 109
\BOOKMARK [1][-]{section.10.51}{\376\377\0001\0000\000.\0005\0001\000\040\000p\000u\000t\000b\000u\000f\000f\000\040\000S\000t\000r\000u\000c\000t\000\040\000R\000e\000f\000e\000r\000e\000n\000c\000e}{chapter.10}% 110
\BOOKMARK [1][-]{section.10.52}{\376\377\0001\0000\000.\0005\0002\000\040\000r\000p\000g\000u\000i\000:\000:\000u\000i\000:\000:\000R\000a\000d\000i\000o\000B\000u\000t\000t\000o\000n\000\040\000C\000l\000a\000s\000s\000\040\000R\000e\000f\000e\000r\000e\000n\000c\000e}{chapter.10}% 111
\BOOKMARK [2][-]{subsection.10.52.1}{\376\377\0001\0000\000.\0005\0002\000.\0001\000\040\000M\000e\000m\000b\000e\000r\000\040\000F\000u\000n\000c\000t\000i\000o\000n\000\040\000D\000o\000c\000u\000m\000e\000n\000t\000a\000t\000i\000o\000n}{section.10.52}% 112
\BOOKMARK [3][-]{subsubsection.10.52.1.1}{\376\377\0001\0000\000.\0005\0002\000.\0001\000.\0001\000\040\000D\000r\000a\000w\000\050\000\051}{subsection.10.52.1}% 113
\BOOKMARK [3][-]{subsubsection.10.52.1.2}{\376\377\0001\0000\000.\0005\0002\000.\0001\000.\0002\000\040\000S\000e\000t\000B\000o\000u\000n\000d\000s\000\050\000\051}{subsection.10.52.1}% 114
\BOOKMARK [1][-]{section.10.53}{\376\377\0001\0000\000.\0005\0003\000\040\000r\000p\000g\000u\000i\000:\000:\000t\000y\000p\000e\000:\000:\000R\000a\000d\000i\000u\000s\000\040\000S\000t\000r\000u\000c\000t\000\040\000R\000e\000f\000e\000r\000e\000n\000c\000e}{chapter.10}% 115
\BOOKMARK [1][-]{section.10.54}{\376\377\0001\0000\000.\0005\0004\000\040\000r\000p\000g\000u\000i\000:\000:\000t\000y\000p\000e\000:\000:\000R\000e\000c\000t\000\040\000S\000t\000r\000u\000c\000t\000\040\000R\000e\000f\000e\000r\000e\000n\000c\000e}{chapter.10}% 116
\BOOKMARK [1][-]{section.10.55}{\376\377\0001\0000\000.\0005\0005\000\040\000r\000p\000g\000u\000i\000:\000:\000u\000i\000:\000:\000R\000e\000c\000t\000a\000n\000g\000l\000e\000\040\000C\000l\000a\000s\000s\000\040\000R\000e\000f\000e\000r\000e\000n\000c\000e}{chapter.10}% 117
\BOOKMARK [2][-]{subsection.10.55.1}{\376\377\0001\0000\000.\0005\0005\000.\0001\000\040\000M\000e\000m\000b\000e\000r\000\040\000F\000u\000n\000c\000t\000i\000o\000n\000\040\000D\000o\000c\000u\000m\000e\000n\000t\000a\000t\000i\000o\000n}{section.10.55}% 118
\BOOKMARK [3][-]{subsubsection.10.55.1.1}{\376\377\0001\0000\000.\0005\0005\000.\0001\000.\0001\000\040\000D\000r\000a\000w\000\050\000\051}{subsection.10.55.1}% 119
\BOOKMARK [1][-]{section.10.56}{\376\377\0001\0000\000.\0005\0006\000\040\000r\000t\000c\000\137\000s\000a\000v\000e\000\040\000S\000t\000r\000u\000c\000t\000\040\000R\000e\000f\000e\000r\000e\000n\000c\000e}{chapter.10}% 120
\BOOKMARK [1][-]{section.10.57}{\376\377\0001\0000\000.\0005\0007\000\040\000s\000C\000a\000n\000v\000a\000s\000\040\000S\000t\000r\000u\000c\000t\000\040\000R\000e\000f\000e\000r\000e\000n\000c\000e}{chapter.10}% 121
\BOOKMARK [1][-]{section.10.58}{\376\377\0001\0000\000.\0005\0008\000\040\000r\000p\000g\000u\000i\000:\000:\000t\000y\000p\000e\000:\000:\000s\000C\000i\000r\000c\000l\000e\000\040\000S\000t\000r\000u\000c\000t\000\040\000R\000e\000f\000e\000r\000e\000n\000c\000e}{chapter.10}% 122
\BOOKMARK [1][-]{section.10.59}{\376\377\0001\0000\000.\0005\0009\000\040\000s\000d\000\137\000c\000a\000r\000d\000\137\000t\000\040\000S\000t\000r\000u\000c\000t\000\040\000R\000e\000f\000e\000r\000e\000n\000c\000e}{chapter.10}% 123
\BOOKMARK [1][-]{section.10.60}{\376\377\0001\0000\000.\0006\0000\000\040\000r\000p\000g\000u\000i\000:\000:\000u\000t\000i\000l\000:\000:\000S\000D\000W\000r\000a\000p\000p\000e\000r\000\040\000C\000l\000a\000s\000s\000\040\000R\000e\000f\000e\000r\000e\000n\000c\000e}{chapter.10}% 124
\BOOKMARK [1][-]{section.10.61}{\376\377\0001\0000\000.\0006\0001\000\040\000s\000L\000a\000y\000e\000r\000\040\000S\000t\000r\000u\000c\000t\000\040\000R\000e\000f\000e\000r\000e\000n\000c\000e}{chapter.10}% 125
\BOOKMARK [1][-]{section.10.62}{\376\377\0001\0000\000.\0006\0002\000\040\000s\000L\000a\000y\000e\000r\000M\000o\000d\000e\000\040\000S\000t\000r\000u\000c\000t\000\040\000R\000e\000f\000e\000r\000e\000n\000c\000e}{chapter.10}% 126
\BOOKMARK [1][-]{section.10.63}{\376\377\0001\0000\000.\0006\0003\000\040\000s\000L\000a\000y\000e\000r\000P\000r\000o\000g\000\040\000S\000t\000r\000u\000c\000t\000\040\000R\000e\000f\000e\000r\000e\000n\000c\000e}{chapter.10}% 127
\BOOKMARK [1][-]{section.10.64}{\376\377\0001\0000\000.\0006\0004\000\040\000r\000p\000g\000u\000i\000:\000:\000u\000i\000:\000:\000S\000l\000i\000d\000e\000r\000\040\000C\000l\000a\000s\000s\000\040\000R\000e\000f\000e\000r\000e\000n\000c\000e}{chapter.10}% 128
\BOOKMARK [2][-]{subsection.10.64.1}{\376\377\0001\0000\000.\0006\0004\000.\0001\000\040\000M\000e\000m\000b\000e\000r\000\040\000F\000u\000n\000c\000t\000i\000o\000n\000\040\000D\000o\000c\000u\000m\000e\000n\000t\000a\000t\000i\000o\000n}{section.10.64}% 129
\BOOKMARK [3][-]{subsubsection.10.64.1.1}{\376\377\0001\0000\000.\0006\0004\000.\0001\000.\0001\000\040\000D\000r\000a\000w\000\050\000\051}{subsection.10.64.1}% 130
\BOOKMARK [1][-]{section.10.65}{\376\377\0001\0000\000.\0006\0005\000\040\000S\000p\000e\000e\000d\000T\000e\000s\000t\000e\000r\000:\000:\000s\000p\000e\000e\000d\000R\000e\000s\000u\000l\000t\000s\000\040\000S\000t\000r\000u\000c\000t\000\040\000R\000e\000f\000e\000r\000e\000n\000c\000e}{chapter.10}% 131
\BOOKMARK [1][-]{section.10.66}{\376\377\0001\0000\000.\0006\0006\000\040\000S\000p\000e\000e\000d\000T\000e\000s\000t\000e\000r\000\040\000C\000l\000a\000s\000s\000\040\000R\000e\000f\000e\000r\000e\000n\000c\000e}{chapter.10}% 132
\BOOKMARK [1][-]{section.10.67}{\376\377\0001\0000\000.\0006\0007\000\040\000s\000p\000i\000\137\000t\000\040\000S\000t\000r\000u\000c\000t\000\040\000R\000e\000f\000e\000r\000e\000n\000c\000e}{chapter.10}% 133
\BOOKMARK [1][-]{section.10.68}{\376\377\0001\0000\000.\0006\0008\000\040\000s\000P\000L\000L\000\040\000S\000t\000r\000u\000c\000t\000\040\000R\000e\000f\000e\000r\000e\000n\000c\000e}{chapter.10}% 134
\BOOKMARK [1][-]{section.10.69}{\376\377\0001\0000\000.\0006\0009\000\040\000r\000p\000g\000u\000i\000:\000:\000u\000i\000:\000:\000S\000p\000r\000i\000t\000e\000\040\000C\000l\000a\000s\000s\000\040\000R\000e\000f\000e\000r\000e\000n\000c\000e}{chapter.10}% 135
\BOOKMARK [2][-]{subsection.10.69.1}{\376\377\0001\0000\000.\0006\0009\000.\0001\000\040\000M\000e\000m\000b\000e\000r\000\040\000F\000u\000n\000c\000t\000i\000o\000n\000\040\000D\000o\000c\000u\000m\000e\000n\000t\000a\000t\000i\000o\000n}{section.10.69}% 136
\BOOKMARK [3][-]{subsubsection.10.69.1.1}{\376\377\0001\0000\000.\0006\0009\000.\0001\000.\0001\000\040\000D\000r\000a\000w\000\050\000\051}{subsection.10.69.1}% 137
\BOOKMARK [1][-]{section.10.70}{\376\377\0001\0000\000.\0007\0000\000\040\000r\000p\000g\000u\000i\000:\000:\000c\000o\000m\000m\000o\000n\000:\000:\000S\000p\000r\000i\000t\000e\000D\000a\000t\000a\000\040\000S\000t\000r\000u\000c\000t\000\040\000R\000e\000f\000e\000r\000e\000n\000c\000e}{chapter.10}% 138
\BOOKMARK [1][-]{section.10.71}{\376\377\0001\0000\000.\0007\0001\000\040\000s\000S\000c\000r\000e\000e\000n\000\040\000S\000t\000r\000u\000c\000t\000\040\000R\000e\000f\000e\000r\000e\000n\000c\000e}{chapter.10}% 139
\BOOKMARK [1][-]{section.10.72}{\376\377\0001\0000\000.\0007\0002\000\040\000s\000S\000e\000g\000m\000\040\000S\000t\000r\000u\000c\000t\000\040\000R\000e\000f\000e\000r\000e\000n\000c\000e}{chapter.10}% 140
\BOOKMARK [1][-]{section.10.73}{\376\377\0001\0000\000.\0007\0003\000\040\000s\000S\000p\000r\000i\000t\000e\000\040\000S\000t\000r\000u\000c\000t\000\040\000R\000e\000f\000e\000r\000e\000n\000c\000e}{chapter.10}% 141
\BOOKMARK [1][-]{section.10.74}{\376\377\0001\0000\000.\0007\0004\000\040\000s\000S\000t\000r\000i\000p\000\040\000S\000t\000r\000u\000c\000t\000\040\000R\000e\000f\000e\000r\000e\000n\000c\000e}{chapter.10}% 142
\BOOKMARK [1][-]{section.10.75}{\376\377\0001\0000\000.\0007\0005\000\040\000r\000p\000g\000u\000i\000:\000:\000l\000a\000y\000o\000u\000t\000:\000:\000S\000t\000a\000c\000k\000L\000a\000y\000o\000u\000t\000\040\000C\000l\000a\000s\000s\000\040\000R\000e\000f\000e\000r\000e\000n\000c\000e}{chapter.10}% 143
\BOOKMARK [2][-]{subsection.10.75.1}{\376\377\0001\0000\000.\0007\0005\000.\0001\000\040\000M\000e\000m\000b\000e\000r\000\040\000F\000u\000n\000c\000t\000i\000o\000n\000\040\000D\000o\000c\000u\000m\000e\000n\000t\000a\000t\000i\000o\000n}{section.10.75}% 144
\BOOKMARK [3][-]{subsubsection.10.75.1.1}{\376\377\0001\0000\000.\0007\0005\000.\0001\000.\0001\000\040\000D\000r\000a\000w\000\050\000\051}{subsection.10.75.1}% 145
\BOOKMARK [1][-]{section.10.76}{\376\377\0001\0000\000.\0007\0006\000\040\000r\000p\000g\000u\000i\000:\000:\000u\000i\000:\000:\000S\000t\000e\000p\000p\000e\000r\000<\000\040\000T\000\040\000>\000\040\000C\000l\000a\000s\000s\000\040\000T\000e\000m\000p\000l\000a\000t\000e\000\040\000R\000e\000f\000e\000r\000e\000n\000c\000e}{chapter.10}% 146
\BOOKMARK [2][-]{subsection.10.76.1}{\376\377\0001\0000\000.\0007\0006\000.\0001\000\040\000M\000e\000m\000b\000e\000r\000\040\000F\000u\000n\000c\000t\000i\000o\000n\000\040\000D\000o\000c\000u\000m\000e\000n\000t\000a\000t\000i\000o\000n}{section.10.76}% 147
\BOOKMARK [3][-]{subsubsection.10.76.1.1}{\376\377\0001\0000\000.\0007\0006\000.\0001\000.\0001\000\040\000D\000r\000a\000w\000\050\000\051}{subsection.10.76.1}% 148
\BOOKMARK [3][-]{subsubsection.10.76.1.2}{\376\377\0001\0000\000.\0007\0006\000.\0001\000.\0002\000\040\000S\000e\000t\000B\000o\000u\000n\000d\000s\000\050\000\051}{subsection.10.76.1}% 149
\BOOKMARK [1][-]{section.10.77}{\376\377\0001\0000\000.\0007\0007\000\040\000s\000V\000g\000a\000C\000f\000g\000\040\000S\000t\000r\000u\000c\000t\000\040\000R\000e\000f\000e\000r\000e\000n\000c\000e}{chapter.10}% 150
\BOOKMARK [1][-]{section.10.78}{\376\377\0001\0000\000.\0007\0008\000\040\000s\000V\000i\000d\000e\000o\000\040\000S\000t\000r\000u\000c\000t\000\040\000R\000e\000f\000e\000r\000e\000n\000c\000e}{chapter.10}% 151
\BOOKMARK [1][-]{section.10.79}{\376\377\0001\0000\000.\0007\0009\000\040\000s\000V\000m\000o\000d\000e\000\040\000S\000t\000r\000u\000c\000t\000\040\000R\000e\000f\000e\000r\000e\000n\000c\000e}{chapter.10}% 152
\BOOKMARK [1][-]{section.10.80}{\376\377\0001\0000\000.\0008\0000\000\040\000r\000p\000g\000u\000i\000:\000:\000u\000i\000:\000:\000S\000w\000i\000t\000c\000h\000\040\000C\000l\000a\000s\000s\000\040\000R\000e\000f\000e\000r\000e\000n\000c\000e}{chapter.10}% 153
\BOOKMARK [2][-]{subsection.10.80.1}{\376\377\0001\0000\000.\0008\0000\000.\0001\000\040\000M\000e\000m\000b\000e\000r\000\040\000F\000u\000n\000c\000t\000i\000o\000n\000\040\000D\000o\000c\000u\000m\000e\000n\000t\000a\000t\000i\000o\000n}{section.10.80}% 154
\BOOKMARK [3][-]{subsubsection.10.80.1.1}{\376\377\0001\0000\000.\0008\0000\000.\0001\000.\0001\000\040\000D\000r\000a\000w\000\050\000\051}{subsection.10.80.1}% 155
\BOOKMARK [1][-]{section.10.81}{\376\377\0001\0000\000.\0008\0001\000\040\000r\000p\000g\000u\000i\000:\000:\000u\000t\000i\000l\000:\000:\000T\000i\000m\000e\000r\000s\000\040\000C\000l\000a\000s\000s\000\040\000R\000e\000f\000e\000r\000e\000n\000c\000e}{chapter.10}% 156
\BOOKMARK [1][-]{section.10.82}{\376\377\0001\0000\000.\0008\0002\000\040\000P\000o\000n\000g\000:\000:\000V\000e\000c\0002\000\040\000C\000l\000a\000s\000s\000\040\000R\000e\000f\000e\000r\000e\000n\000c\000e}{chapter.10}% 157
\BOOKMARK [1][-]{section.10.83}{\376\377\0001\0000\000.\0008\0003\000\040\000r\000p\000g\000u\000i\000:\000:\000c\000o\000m\000m\000o\000n\000:\000:\000V\000i\000e\000w\000\040\000C\000l\000a\000s\000s\000\040\000R\000e\000f\000e\000r\000e\000n\000c\000e}{chapter.10}% 158
\BOOKMARK [1][-]{section.10.84}{\376\377\0001\0000\000.\0008\0004\000\040\000r\000p\000g\000u\000i\000:\000:\000c\000o\000m\000m\000o\000n\000:\000:\000V\000i\000s\000u\000a\000l\000E\000l\000e\000m\000e\000n\000t\000\040\000C\000l\000a\000s\000s\000\040\000R\000e\000f\000e\000r\000e\000n\000c\000e}{chapter.10}% 159
\BOOKMARK [2][-]{subsection.10.84.1}{\376\377\0001\0000\000.\0008\0004\000.\0001\000\040\000D\000e\000t\000a\000i\000l\000e\000d\000\040\000D\000e\000s\000c\000r\000i\000p\000t\000i\000o\000n}{section.10.84}% 160
\BOOKMARK [2][-]{subsection.10.84.2}{\376\377\0001\0000\000.\0008\0004\000.\0002\000\040\000M\000e\000m\000b\000e\000r\000\040\000F\000u\000n\000c\000t\000i\000o\000n\000\040\000D\000o\000c\000u\000m\000e\000n\000t\000a\000t\000i\000o\000n}{section.10.84}% 161
\BOOKMARK [3][-]{subsubsection.10.84.2.1}{\376\377\0001\0000\000.\0008\0004\000.\0002\000.\0001\000\040\000D\000r\000a\000w\000\050\000\051}{subsection.10.84.2}% 162
\BOOKMARK [3][-]{subsubsection.10.84.2.2}{\376\377\0001\0000\000.\0008\0004\000.\0002\000.\0002\000\040\000G\000e\000t\000B\000o\000u\000n\000d\000s\000\050\000\051}{subsection.10.84.2}% 163
\BOOKMARK [3][-]{subsubsection.10.84.2.3}{\376\377\0001\0000\000.\0008\0004\000.\0002\000.\0003\000\040\000I\000s\000I\000n\000B\000o\000u\000n\000d\000s\000\050\000\051\000\040\000[\0001\000/\0002\000]}{subsection.10.84.2}% 164
\BOOKMARK [3][-]{subsubsection.10.84.2.4}{\376\377\0001\0000\000.\0008\0004\000.\0002\000.\0004\000\040\000I\000s\000I\000n\000B\000o\000u\000n\000d\000s\000\050\000\051\000\040\000[\0002\000/\0002\000]}{subsection.10.84.2}% 165
\BOOKMARK [3][-]{subsubsection.10.84.2.5}{\376\377\0001\0000\000.\0008\0004\000.\0002\000.\0005\000\040\000S\000e\000t\000B\000o\000u\000n\000d\000s\000\050\000\051}{subsection.10.84.2}% 166
\BOOKMARK [1][-]{section.10.85}{\376\377\0001\0000\000.\0008\0005\000\040\000W\000A\000V\000D\000A\000T\000A\000\137\000\040\000S\000t\000r\000u\000c\000t\000\040\000R\000e\000f\000e\000r\000e\000n\000c\000e}{chapter.10}% 167
\BOOKMARK [1][-]{section.10.86}{\376\377\0001\0000\000.\0008\0006\000\040\000W\000A\000V\000F\000O\000R\000M\000A\000T\000\137\000\040\000S\000t\000r\000u\000c\000t\000\040\000R\000e\000f\000e\000r\000e\000n\000c\000e}{chapter.10}% 168
\BOOKMARK [1][-]{section.10.87}{\376\377\0001\0000\000.\0008\0007\000\040\000W\000A\000V\000H\000E\000A\000D\000\137\000\040\000S\000t\000r\000u\000c\000t\000\040\000R\000e\000f\000e\000r\000e\000n\000c\000e}{chapter.10}% 169
\BOOKMARK [1][-]{section.10.88}{\376\377\0001\0000\000.\0008\0008\000\040\000r\000p\000g\000u\000i\000:\000:\000t\000y\000p\000e\000:\000:\000W\000i\000d\000t\000h\000\040\000S\000t\000r\000u\000c\000t\000\040\000R\000e\000f\000e\000r\000e\000n\000c\000e}{chapter.10}% 170
\BOOKMARK [0][-]{chapter.11}{\376\377\0001\0001\000\040\000F\000i\000l\000e\000\040\000D\000o\000c\000u\000m\000e\000n\000t\000a\000t\000i\000o\000n}{}% 171
\BOOKMARK [1][-]{section.11.1}{\376\377\0001\0001\000.\0001\000\040\000t\000u\000s\000b\000\137\000c\000o\000n\000f\000i\000g\000.\000h}{chapter.11}% 172
\BOOKMARK [1][-]{section.11.2}{\376\377\0001\0001\000.\0002\000\040\000t\000u\000s\000b\000\137\000c\000o\000n\000f\000i\000g\000.\000h}{chapter.11}% 173
\BOOKMARK [1][-]{section.11.3}{\376\377\0001\0001\000.\0003\000\040\000t\000u\000s\000b\000\137\000c\000o\000n\000f\000i\000g\000.\000h}{chapter.11}% 174
\BOOKMARK [1][-]{section.11.4}{\376\377\0001\0001\000.\0004\000\040\000t\000u\000s\000b\000\137\000c\000o\000n\000f\000i\000g\000.\000h}{chapter.11}% 175
\BOOKMARK [1][-]{section.11.5}{\376\377\0001\0001\000.\0005\000\040\000v\000g\000a\000\137\000c\000o\000n\000f\000i\000g\000.\000h}{chapter.11}% 176
\BOOKMARK [1][-]{section.11.6}{\376\377\0001\0001\000.\0006\000\040\000v\000g\000a\000\137\000c\000o\000n\000f\000i\000g\000.\000h}{chapter.11}% 177
\BOOKMARK [1][-]{section.11.7}{\376\377\0001\0001\000.\0007\000\040\000v\000g\000a\000\137\000c\000o\000n\000f\000i\000g\000.\000h}{chapter.11}% 178
\BOOKMARK [1][-]{section.11.8}{\376\377\0001\0001\000.\0008\000\040\000P\000a\000g\000e\0001\000.\000h\000p\000p}{chapter.11}% 179
\BOOKMARK [1][-]{section.11.9}{\376\377\0001\0001\000.\0009\000\040\000P\000a\000g\000e\0002\000.\000h\000p\000p}{chapter.11}% 180
\BOOKMARK [1][-]{section.11.10}{\376\377\0001\0001\000.\0001\0000\000\040\000p\000o\000n\000g\000.\000h\000p\000p}{chapter.11}% 181
\BOOKMARK [1][-]{section.11.11}{\376\377\0001\0001\000.\0001\0001\000\040\000S\000p\000e\000e\000d\000T\000e\000s\000t\000.\000h\000p\000p}{chapter.11}% 182
\BOOKMARK [1][-]{section.11.12}{\376\377\0001\0001\000.\0001\0002\000\040\000s\000e\000t\000t\000i\000n\000g\000s\000.\000h\000p\000p}{chapter.11}% 183
\BOOKMARK [1][-]{section.11.13}{\376\377\0001\0001\000.\0001\0003\000\040\000A\000c\000t\000i\000v\000a\000t\000a\000b\000l\000e\000.\000h\000p\000p}{chapter.11}% 184
\BOOKMARK [1][-]{section.11.14}{\376\377\0001\0001\000.\0001\0004\000\040\000B\000i\000n\000d\000a\000b\000l\000e\000P\000r\000o\000p\000e\000r\000t\000y\000.\000h\000p\000p}{chapter.11}% 185
\BOOKMARK [1][-]{section.11.15}{\376\377\0001\0001\000.\0001\0005\000\040\000B\000o\000u\000n\000d\000s\000.\000h\000p\000p}{chapter.11}% 186
\BOOKMARK [1][-]{section.11.16}{\376\377\0001\0001\000.\0001\0006\000\040\000C\000l\000i\000c\000k\000a\000b\000l\000e\000.\000h\000p\000p}{chapter.11}% 187
\BOOKMARK [1][-]{section.11.17}{\376\377\0001\0001\000.\0001\0007\000\040\000E\000l\000e\000m\000e\000n\000t\000.\000h\000p\000p}{chapter.11}% 188
\BOOKMARK [1][-]{section.11.18}{\376\377\0001\0001\000.\0001\0008\000\040\000M\000a\000r\000g\000i\000n\000.\000h\000p\000p}{chapter.11}% 189
\BOOKMARK [1][-]{section.11.19}{\376\377\0001\0001\000.\0001\0009\000\040\000S\000p\000r\000i\000t\000e\000D\000a\000t\000a\000.\000h\000p\000p}{chapter.11}% 190
\BOOKMARK [1][-]{section.11.20}{\376\377\0001\0001\000.\0002\0000\000\040\000T\000y\000p\000e\000s\000.\000h\000p\000p}{chapter.11}% 191
\BOOKMARK [1][-]{section.11.21}{\376\377\0001\0001\000.\0002\0001\000\040\000V\000C\000o\000l\000o\000r\000s\000.\000h\000p\000p}{chapter.11}% 192
\BOOKMARK [1][-]{section.11.22}{\376\377\0001\0001\000.\0002\0002\000\040\000V\000i\000e\000w\000.\000h\000p\000p}{chapter.11}% 193
\BOOKMARK [1][-]{section.11.23}{\376\377\0001\0001\000.\0002\0003\000\040\000V\000i\000s\000u\000a\000l\000E\000l\000e\000m\000e\000n\000t\000.\000h\000p\000p}{chapter.11}% 194
\BOOKMARK [1][-]{section.11.24}{\376\377\0001\0001\000.\0002\0004\000\040\000B\000u\000t\000t\000o\000n\000.\000h\000p\000p}{chapter.11}% 195
\BOOKMARK [1][-]{section.11.25}{\376\377\0001\0001\000.\0002\0005\000\040\000C\000h\000e\000c\000k\000B\000o\000x\000.\000h\000p\000p}{chapter.11}% 196
\BOOKMARK [1][-]{section.11.26}{\376\377\0001\0001\000.\0002\0006\000\040\000C\000i\000r\000c\000l\000e\000.\000h\000p\000p}{chapter.11}% 197
\BOOKMARK [1][-]{section.11.27}{\376\377\0001\0001\000.\0002\0007\000\040\000C\000u\000r\000s\000o\000r\000.\000h\000p\000p}{chapter.11}% 198
\BOOKMARK [1][-]{section.11.28}{\376\377\0001\0001\000.\0002\0008\000\040\000E\000n\000t\000r\000y\000.\000h\000p\000p}{chapter.11}% 199
\BOOKMARK [1][-]{section.11.29}{\376\377\0001\0001\000.\0002\0009\000\040\000L\000a\000b\000e\000l\000.\000h\000p\000p}{chapter.11}% 200
\BOOKMARK [1][-]{section.11.30}{\376\377\0001\0001\000.\0003\0000\000\040\000L\000i\000n\000e\000.\000h\000p\000p}{chapter.11}% 201
\BOOKMARK [1][-]{section.11.31}{\376\377\0001\0001\000.\0003\0001\000\040\000P\000o\000l\000y\000l\000i\000n\000e\000.\000h\000p\000p}{chapter.11}% 202
\BOOKMARK [1][-]{section.11.32}{\376\377\0001\0001\000.\0003\0002\000\040\000P\000r\000o\000g\000r\000e\000s\000s\000B\000a\000r\000.\000h\000p\000p}{chapter.11}% 203
\BOOKMARK [1][-]{section.11.33}{\376\377\0001\0001\000.\0003\0003\000\040\000R\000a\000d\000i\000o\000B\000u\000t\000t\000o\000n\000.\000h\000p\000p}{chapter.11}% 204
\BOOKMARK [1][-]{section.11.34}{\376\377\0001\0001\000.\0003\0004\000\040\000R\000e\000c\000t\000a\000n\000g\000l\000e\000.\000h\000p\000p}{chapter.11}% 205
\BOOKMARK [1][-]{section.11.35}{\376\377\0001\0001\000.\0003\0005\000\040\000S\000l\000i\000d\000e\000r\000.\000h\000p\000p}{chapter.11}% 206
\BOOKMARK [1][-]{section.11.36}{\376\377\0001\0001\000.\0003\0006\000\040\000S\000p\000r\000i\000t\000e\000.\000h\000p\000p}{chapter.11}% 207
\BOOKMARK [1][-]{section.11.37}{\376\377\0001\0001\000.\0003\0007\000\040\000S\000t\000e\000p\000p\000e\000r\000.\000h\000p\000p}{chapter.11}% 208
\BOOKMARK [1][-]{section.11.38}{\376\377\0001\0001\000.\0003\0008\000\040\000S\000w\000i\000t\000c\000h\000.\000h\000p\000p}{chapter.11}% 209
\BOOKMARK [1][-]{section.11.39}{\376\377\0001\0001\000.\0003\0009\000\040\000D\000i\000s\000p\000a\000t\000c\000h\000e\000r\000.\000h\000p\000p}{chapter.11}% 210
\BOOKMARK [1][-]{section.11.40}{\376\377\0001\0001\000.\0004\0000\000\040\000M\000o\000u\000s\000e\000D\000i\000s\000p\000a\000t\000c\000h\000e\000r\000.\000h\000p\000p}{chapter.11}% 211
\BOOKMARK [1][-]{section.11.41}{\376\377\0001\0001\000.\0004\0001\000\040\000M\000o\000u\000s\000e\000E\000v\000e\000n\000t\000.\000h\000p\000p}{chapter.11}% 212
\BOOKMARK [1][-]{section.11.42}{\376\377\0001\0001\000.\0004\0002\000\040\000i\000n\000c\000l\000u\000d\000e\000.\000h\000p\000p}{chapter.11}% 213
\BOOKMARK [1][-]{section.11.43}{\376\377\0001\0001\000.\0004\0003\000\040\000A\000b\000s\000o\000l\000u\000t\000e\000L\000a\000y\000o\000u\000t\000.\000h\000p\000p}{chapter.11}% 214
\BOOKMARK [1][-]{section.11.44}{\376\377\0001\0001\000.\0004\0004\000\040\000L\000a\000y\000o\000u\000t\000.\000h\000p\000p}{chapter.11}% 215
\BOOKMARK [1][-]{section.11.45}{\376\377\0001\0001\000.\0004\0005\000\040\000S\000t\000a\000c\000k\000L\000a\000y\000o\000u\000t\000.\000h\000p\000p}{chapter.11}% 216
\BOOKMARK [1][-]{section.11.46}{\376\377\0001\0001\000.\0004\0006\000\040\000P\000a\000g\000e\000.\000h\000p\000p}{chapter.11}% 217
\BOOKMARK [1][-]{section.11.47}{\376\377\0001\0001\000.\0004\0007\000\040\000r\000p\000\137\000c\000o\000r\000e\000.\000h\000p\000p}{chapter.11}% 218
\BOOKMARK [1][-]{section.11.48}{\376\377\0001\0001\000.\0004\0008\000\040\000r\000p\000g\000u\000i\000.\000h\000p\000p}{chapter.11}% 219
\BOOKMARK [1][-]{section.11.49}{\376\377\0001\0001\000.\0004\0009\000\040\000I\000V\000G\000A\000.\000h\000p\000p}{chapter.11}% 220
\BOOKMARK [1][-]{section.11.50}{\376\377\0001\0001\000.\0005\0000\000\040\000T\000i\000m\000e\000r\000s\000.\000h\000p\000p}{chapter.11}% 221
\BOOKMARK [1][-]{section.11.51}{\376\377\0001\0001\000.\0005\0001\000\040\000t\000u\000s\000b\000\137\000d\000a\000t\000a\000.\000h\000p\000p}{chapter.11}% 222
\BOOKMARK [1][-]{section.11.52}{\376\377\0001\0001\000.\0005\0002\000\040\000c\000o\000n\000f\000i\000g\000.\000h}{chapter.11}% 223
\BOOKMARK [1][-]{section.11.53}{\376\377\0001\0001\000.\0005\0003\000\040\000d\000r\000a\000w\000.\000h}{chapter.11}% 224
\BOOKMARK [1][-]{section.11.54}{\376\377\0001\0001\000.\0005\0004\000\040\000g\000l\000o\000b\000a\000l\000.\000h}{chapter.11}% 225
\BOOKMARK [1][-]{section.11.55}{\376\377\0001\0001\000.\0005\0005\000\040\000g\000l\000o\000b\000a\000l\000.\000h}{chapter.11}% 226
\BOOKMARK [1][-]{section.11.56}{\376\377\0001\0001\000.\0005\0006\000\040\000m\000a\000t\0002\000d\000.\000h}{chapter.11}% 227
\BOOKMARK [1][-]{section.11.57}{\376\377\0001\0001\000.\0005\0007\000\040\000m\000a\000t\0002\000d\000.\000h}{chapter.11}% 228
\BOOKMARK [1][-]{section.11.58}{\376\377\0001\0001\000.\0005\0008\000\040\000p\000w\000m\000s\000n\000d\000.\000h}{chapter.11}% 229
\BOOKMARK [1][-]{section.11.59}{\376\377\0001\0001\000.\0005\0009\000\040\000p\000w\000m\000s\000n\000d\000.\000h}{chapter.11}% 230
\BOOKMARK [1][-]{section.11.60}{\376\377\0001\0001\000.\0006\0000\000\040\000q\000v\000g\000a\000.\000h}{chapter.11}% 231
\BOOKMARK [1][-]{section.11.61}{\376\377\0001\0001\000.\0006\0001\000\040\000r\000a\000n\000d\000.\000h}{chapter.11}% 232
\BOOKMARK [1][-]{section.11.62}{\376\377\0001\0001\000.\0006\0002\000\040\000r\000a\000n\000d\000.\000h}{chapter.11}% 233
\BOOKMARK [1][-]{section.11.63}{\376\377\0001\0001\000.\0006\0003\000\040\000r\000p\000\137\000l\000o\000g\000g\000e\000r\000.\000h\000p\000p}{chapter.11}% 234
\BOOKMARK [1][-]{section.11.64}{\376\377\0001\0001\000.\0006\0004\000\040\000d\000i\000s\000k\000i\000o\000.\000h}{chapter.11}% 235
\BOOKMARK [1][-]{section.11.65}{\376\377\0001\0001\000.\0006\0005\000\040\000f\000f\000.\000h}{chapter.11}% 236
\BOOKMARK [1][-]{section.11.66}{\376\377\0001\0001\000.\0006\0006\000\040\000f\000f\000c\000o\000n\000f\000.\000h}{chapter.11}% 237
\BOOKMARK [1][-]{section.11.67}{\376\377\0001\0001\000.\0006\0007\000\040\000f\000\137\000u\000t\000i\000l\000.\000h}{chapter.11}% 238
\BOOKMARK [1][-]{section.11.68}{\376\377\0001\0001\000.\0006\0008\000\040\000f\000f\000\137\000s\000t\000d\000i\000o\000.\000h}{chapter.11}% 239
\BOOKMARK [1][-]{section.11.69}{\376\377\0001\0001\000.\0006\0009\000\040\000m\000y\000\137\000d\000e\000b\000u\000g\000.\000h}{chapter.11}% 240
\BOOKMARK [1][-]{section.11.70}{\376\377\0001\0001\000.\0007\0000\000\040\000r\000t\000c\000.\000h}{chapter.11}% 241
\BOOKMARK [1][-]{section.11.71}{\376\377\0001\0001\000.\0007\0001\000\040\000u\000t\000i\000l\000.\000h}{chapter.11}% 242
\BOOKMARK [1][-]{section.11.72}{\376\377\0001\0001\000.\0007\0002\000\040\000c\000r\000c\000.\000h}{chapter.11}% 243
\BOOKMARK [1][-]{section.11.73}{\376\377\0001\0001\000.\0007\0003\000\040\000h\000w\000\137\000c\000o\000n\000f\000i\000g\000.\000h}{chapter.11}% 244
\BOOKMARK [1][-]{section.11.74}{\376\377\0001\0001\000.\0007\0004\000\040\000s\000d\000\137\000c\000a\000r\000d\000.\000h}{chapter.11}% 245
\BOOKMARK [1][-]{section.11.75}{\376\377\0001\0001\000.\0007\0005\000\040\000s\000d\000\137\000s\000p\000i\000.\000h}{chapter.11}% 246
\BOOKMARK [1][-]{section.11.76}{\376\377\0001\0001\000.\0007\0006\000\040\000s\000p\000i\000.\000h}{chapter.11}% 247
\BOOKMARK [1][-]{section.11.77}{\376\377\0001\0001\000.\0007\0007\000\040\000S\000D\000W\000r\000a\000p\000p\000e\000r\000.\000h\000p\000p}{chapter.11}% 248
\BOOKMARK [1][-]{section.11.78}{\376\377\0001\0001\000.\0007\0008\000\040\000c\000a\000n\000v\000a\000s\000.\000h}{chapter.11}% 249
\BOOKMARK [1][-]{section.11.79}{\376\377\0001\0001\000.\0007\0009\000\040\000o\000v\000e\000r\000c\000l\000o\000c\000k\000.\000h}{chapter.11}% 250
\BOOKMARK [1][-]{section.11.80}{\376\377\0001\0001\000.\0008\0000\000\040\000p\000r\000i\000n\000t\000.\000h}{chapter.11}% 251
\BOOKMARK [1][-]{section.11.81}{\376\377\0001\0001\000.\0008\0001\000\040\000d\000e\000f\000i\000n\000e\000.\000h}{chapter.11}% 252
\BOOKMARK [1][-]{section.11.82}{\376\377\0001\0001\000.\0008\0002\000\040\000v\000g\000a\000.\000h}{chapter.11}% 253
\BOOKMARK [1][-]{section.11.83}{\376\377\0001\0001\000.\0008\0003\000\040\000v\000g\000a\000.\000p\000i\000o\000.\000h}{chapter.11}% 254
\BOOKMARK [1][-]{section.11.84}{\376\377\0001\0001\000.\0008\0004\000\040\000v\000g\000a\000\137\000l\000a\000y\000e\000r\000.\000h}{chapter.11}% 255
\BOOKMARK [1][-]{section.11.85}{\376\377\0001\0001\000.\0008\0005\000\040\000v\000g\000a\000\137\000p\000a\000l\000.\000h}{chapter.11}% 256
\BOOKMARK [1][-]{section.11.86}{\376\377\0001\0001\000.\0008\0006\000\040\000v\000g\000a\000\137\000s\000c\000r\000e\000e\000n\000.\000h}{chapter.11}% 257
\BOOKMARK [1][-]{section.11.87}{\376\377\0001\0001\000.\0008\0007\000\040\000v\000g\000a\000\137\000u\000t\000i\000l\000.\000h}{chapter.11}% 258
\BOOKMARK [1][-]{section.11.88}{\376\377\0001\0001\000.\0008\0008\000\040\000v\000g\000a\000\137\000v\000m\000o\000d\000e\000.\000h}{chapter.11}% 259
\BOOKMARK [0][-]{section*.173}{\376\377\000I\000n\000d\000e\000x}{}% 260
