This is pdfTeX, Version 3.141592653-2.6-1.40.24 (MiKTeX 22.7) (preloaded format=pdflatex 2022.10.10)  10 JUN 2023 21:54
entering extended mode
 restricted \write18 enabled.
 %&-line parsing enabled.
**./refman.tex
(refman.tex
LaTeX2e <2022-06-01> patch level 5
L3 programming layer <2022-07-04>
(C:\Users\artof\AppData\Local\Programs\MiKTeX\tex/latex/base\book.cls
Document Class: book 2021/10/04 v1.4n Standard LaTeX document class
(C:\Users\artof\AppData\Local\Programs\MiKTeX\tex/latex/base\bk10.clo
File: bk10.clo 2021/10/04 v1.4n Standard LaTeX file (size option)
)
\c@part=\count185
\c@chapter=\count186
\c@section=\count187
\c@subsection=\count188
\c@subsubsection=\count189
\c@paragraph=\count190
\c@subparagraph=\count191
\c@figure=\count192
\c@table=\count193
\abovecaptionskip=\skip47
\belowcaptionskip=\skip48
\bibindent=\dimen138
)
(C:\Users\artof\AppData\Local\Programs\MiKTeX\tex/latex/base\ifthen.sty
Package: ifthen 2022/04/13 v1.1d Standard LaTeX ifthen package (DPC)
)
(C:\Users\artof\AppData\Local\Programs\MiKTeX\tex/latex/tools\array.sty
Rollback for package 'array' requested -> date 2016-10-06.
         Best approximation is the release introduced on 2016-10-06.

(C:\Users\artof\AppData\Local\Programs\MiKTeX\tex/latex/tools\array-2016-10-06.
sty
Package: array 2016/10/06 v2.4d Tabular extension package (FMi)
\col@sep=\dimen139
\extrarowheight=\dimen140
\NC@list=\toks16
\extratabsurround=\skip49
\backup@length=\skip50
)) (C:\Users\artof\AppData\Local\Programs\MiKTeX\tex/latex/base\fixltx2e.sty
Package: fixltx2e 2016/12/29 v2.1a fixes to LaTeX (obsolete)
Applying: [2015/01/01] Old fixltx2e package on input line 46.

Package fixltx2e Warning: fixltx2e is not required with releases after 2015
(fixltx2e)                All fixes are now in the LaTeX kernel.
(fixltx2e)                See the latexrelease package for details.

Already applied: [0000/00/00] Old fixltx2e package on input line 53.
) (doxygen.sty
Package: doxygen 

(C:\Users\artof\AppData\Local\Programs\MiKTeX\tex/latex/base\alltt.sty
Package: alltt 2021/01/29 v2.0g defines alltt environment
)
(C:\Users\artof\AppData\Local\Programs\MiKTeX\tex/latex/tools\calc.sty
Package: calc 2017/05/25 v4.3 Infix arithmetic (KKT,FJ)
\calc@Acount=\count194
\calc@Bcount=\count195
\calc@Adimen=\dimen141
\calc@Bdimen=\dimen142
\calc@Askip=\skip51
\calc@Bskip=\skip52
LaTeX Info: Redefining \setlength on input line 80.
LaTeX Info: Redefining \addtolength on input line 81.
\calc@Ccount=\count196
\calc@Cskip=\skip53
)
(C:\Users\artof\AppData\Local\Programs\MiKTeX\tex/latex/float\float.sty
Package: float 2001/11/08 v1.3d Float enhancements (AL)
\c@float@type=\count197
\float@exts=\toks17
\float@box=\box51
\@float@everytoks=\toks18
\@floatcapt=\box52
)
(C:\Users\artof\AppData\Local\Programs\MiKTeX\tex/latex/tools\verbatim.sty
Package: verbatim 2020-07-07 v1.5u LaTeX2e package for verbatim enhancements
\every@verbatim=\toks19
\verbatim@line=\toks20
\verbatim@in@stream=\read2
)
(C:\Users\artof\AppData\Local\Programs\MiKTeX\tex/latex/xcolor\xcolor.sty
Package: xcolor 2022/06/12 v2.14 LaTeX color extensions (UK)

(C:\Users\artof\AppData\Local\Programs\MiKTeX\tex/latex/graphics-cfg\color.cfg
File: color.cfg 2016/01/02 v1.6 sample color configuration
)
Package xcolor Info: Driver file: pdftex.def on input line 227.

(C:\Users\artof\AppData\Local\Programs\MiKTeX\tex/latex/graphics-def\pdftex.def
File: pdftex.def 2020/10/05 v1.2a Graphics/color driver for pdftex
) (C:\Users\artof\AppData\Local\Programs\MiKTeX\tex/latex/colortbl\colortbl.sty
Package: colortbl 2022/06/20 v1.0f Color table columns (DPC)
\everycr=\toks21
\minrowclearance=\skip54
\rownum=\count198
)
(C:\Users\artof\AppData\Local\Programs\MiKTeX\tex/latex-dev/graphics\mathcolor.
ltx)
Package xcolor Info: Model `cmy' substituted by `cmy0' on input line 1353.
Package xcolor Info: Model `hsb' substituted by `rgb' on input line 1357.
Package xcolor Info: Model `RGB' extended on input line 1369.
Package xcolor Info: Model `HTML' substituted by `rgb' on input line 1371.
Package xcolor Info: Model `Hsb' substituted by `hsb' on input line 1372.
Package xcolor Info: Model `tHsb' substituted by `hsb' on input line 1373.
Package xcolor Info: Model `HSB' substituted by `hsb' on input line 1374.
Package xcolor Info: Model `Gray' substituted by `gray' on input line 1375.
Package xcolor Info: Model `wave' substituted by `hsb' on input line 1376.
) (longtable_doxygen.sty
Package: longtable_doxygen 2014/10/28 v4.11 Multi-page Table package (DPC) - fr
ozen version for doxygen
\LTleft=\skip55
\LTright=\skip56
\LTpre=\skip57
\LTpost=\skip58
\LTchunksize=\count199
\LTcapwidth=\dimen143
\LT@head=\box53
\LT@firsthead=\box54
\LT@foot=\box55
\LT@lastfoot=\box56
\LT@cols=\count266
\LT@rows=\count267
\c@LT@tables=\count268
\c@LT@chunks=\count269
\LT@p@ftn=\toks22
) (tabu_doxygen.sty
Package: tabu_doxygen 2011/02/26 v2.8 - flexible LaTeX tabulars (FC), frozen ve
rsion for doxygen

(C:\Users\artof\AppData\Local\Programs\MiKTeX\tex/latex/varwidth\varwidth.sty
Package: varwidth 2009/03/30 ver 0.92;  Variable-width minipages
\@vwid@box=\box57
\sift@deathcycles=\count270
\@vwid@loff=\dimen144
\@vwid@roff=\dimen145
)
\c@taburow=\count271
\tabu@nbcols=\count272
\tabu@cnt=\count273
\tabu@Xcol=\count274
\tabu@alloc=\count275
\tabu@nested=\count276
\tabu@target=\dimen146
\tabu@spreadtarget=\dimen147
\tabu@naturalX=\dimen148
\tabucolX=\dimen149
\tabu@Xsum=\dimen150
\extrarowdepth=\dimen151
\abovetabulinesep=\dimen152
\belowtabulinesep=\dimen153
\tabustrutrule=\dimen154
\tabu@thebody=\toks23
\tabu@footnotes=\toks24
\tabu@box=\box58
\tabu@arstrutbox=\box59
\tabu@hleads=\box60
\tabu@vleads=\box61
\tabu@cellskip=\skip59
) (C:\Users\artof\AppData\Local\Programs\MiKTeX\tex/latex/fancyvrb\fancyvrb.sty
Package: fancyvrb 2023/01/19 4.5a verbatim text (tvz,hv)

(C:\Users\artof\AppData\Local\Programs\MiKTeX\tex/latex/graphics\keyval.sty
Package: keyval 2022/05/29 v1.15 key=value parser (DPC)
\KV@toks@=\toks25
)
\FV@CodeLineNo=\count277
\FV@InFile=\read3
\FV@TabBox=\box62
\c@FancyVerbLine=\count278
\FV@StepNumber=\count279
\FV@OutFile=\write3
)
(C:\Users\artof\AppData\Local\Programs\MiKTeX\tex/latex/tools\tabularx.sty
Package: tabularx 2020/01/15 v2.11c `tabularx' package (DPC)
\TX@col@width=\dimen155
\TX@old@table=\dimen156
\TX@old@col=\dimen157
\TX@target=\dimen158
\TX@delta=\dimen159
\TX@cols=\count280
\TX@ftn=\toks26
)
(C:\Users\artof\AppData\Local\Programs\MiKTeX\tex/latex/tools\multicol.sty
Package: multicol 2021/10/28 v1.9b multicolumn formatting (FMi)
\c@tracingmulticols=\count281
\mult@box=\box63
\multicol@leftmargin=\dimen160
\c@unbalance=\count282
\c@collectmore=\count283
\doublecol@number=\count284
\multicoltolerance=\count285
\multicolpretolerance=\count286
\full@width=\dimen161
\page@free=\dimen162
\premulticols=\dimen163
\postmulticols=\dimen164
\multicolsep=\skip60
\multicolbaselineskip=\skip61
\partial@page=\box64
\last@line=\box65
\maxbalancingoverflow=\dimen165
\mult@rightbox=\box66
\mult@grightbox=\box67
\mult@firstbox=\box68
\mult@gfirstbox=\box69
\@tempa=\box70
\@tempa=\box71
\@tempa=\box72
\@tempa=\box73
\@tempa=\box74
\@tempa=\box75
\@tempa=\box76
\@tempa=\box77
\@tempa=\box78
\@tempa=\box79
\@tempa=\box80
\@tempa=\box81
\@tempa=\box82
\@tempa=\box83
\@tempa=\box84
\@tempa=\box85
\@tempa=\box86
\@tempa=\box87
\@tempa=\box88
\@tempa=\box89
\@tempa=\box90
\@tempa=\box91
\@tempa=\box92
\@tempa=\box93
\@tempa=\box94
\@tempa=\box95
\@tempa=\box96
\@tempa=\box97
\@tempa=\box98
\@tempa=\box99
\@tempa=\box100
\@tempa=\box101
\@tempa=\box102
\@tempa=\box103
\@tempa=\box104
\@tempa=\box105
\c@minrows=\count287
\c@columnbadness=\count288
\c@finalcolumnbadness=\count289
\last@try=\dimen166
\multicolovershoot=\dimen167
\multicolundershoot=\dimen168
\mult@nat@firstbox=\box106
\colbreak@box=\box107
\mc@col@check@num=\count290
)
(C:\Users\artof\AppData\Local\Programs\MiKTeX\tex/latex/multirow\multirow.sty
Package: multirow 2021/03/15 v2.8 Span multiple rows of a table
\multirow@colwidth=\skip62
\multirow@cntb=\count291
\multirow@dima=\skip63
\bigstrutjot=\dimen169
)
(C:\Users\artof\AppData\Local\Programs\MiKTeX\tex/latex/hanging\hanging.sty
Package: hanging 2009/09/02 v1.2b hanging paragraphs and punctuation
\h@ngcommawd=\skip64
\h@ngfstopwd=\skip65
\h@ngquotewd=\skip66
\h@ngdquotewd=\skip67
\h@ngquerywd=\skip68
\h@ngexclwd=\skip69
\h@ngcolonwd=\skip70
\h@ngscolonwd=\skip71
)
(C:\Users\artof\AppData\Local\Programs\MiKTeX\tex/generic/iftex\ifpdf.sty
Package: ifpdf 2019/10/25 v3.4 ifpdf legacy package. Use iftex instead.

(C:\Users\artof\AppData\Local\Programs\MiKTeX\tex/generic/iftex\iftex.sty
Package: iftex 2022/02/03 v1.0f TeX engine tests
))
(C:\Users\artof\AppData\Local\Programs\MiKTeX\tex/latex/adjustbox\adjustbox.sty
Package: adjustbox 2022/10/17 v1.3a Adjusting TeX boxes (trim, clip, ...)
(C:\Users\artof\AppData\Local\Programs\MiKTeX\tex/latex/xkeyval\xkeyval.sty
Package: xkeyval 2022/06/16 v2.9 package option processing (HA)

(C:\Users\artof\AppData\Local\Programs\MiKTeX\tex/generic/xkeyval\xkeyval.tex
(C:\Users\artof\AppData\Local\Programs\MiKTeX\tex/generic/xkeyval\xkvutils.tex
\XKV@toks=\toks27
\XKV@tempa@toks=\toks28
)
\XKV@depth=\count292
File: xkeyval.tex 2014/12/03 v2.7a key=value parser (HA)
))
(C:\Users\artof\AppData\Local\Programs\MiKTeX\tex/latex/adjustbox\adjcalc.sty
Package: adjcalc 2012/05/16 v1.1 Provides advanced setlength with multiple back
-ends (calc, etex, pgfmath)
)
(C:\Users\artof\AppData\Local\Programs\MiKTeX\tex/latex/adjustbox\trimclip.sty
Package: trimclip 2020/08/19 v1.2 Trim and clip general TeX material

(C:\Users\artof\AppData\Local\Programs\MiKTeX\tex/latex/graphics\graphicx.sty
Package: graphicx 2021/09/16 v1.2d Enhanced LaTeX Graphics (DPC,SPQR)

(C:\Users\artof\AppData\Local\Programs\MiKTeX\tex/latex/graphics\graphics.sty
Package: graphics 2022/03/10 v1.4e Standard LaTeX Graphics (DPC,SPQR)

(C:\Users\artof\AppData\Local\Programs\MiKTeX\tex/latex/graphics\trig.sty
Package: trig 2021/08/11 v1.11 sin cos tan (DPC)
)
(C:\Users\artof\AppData\Local\Programs\MiKTeX\tex/latex/graphics-cfg\graphics.c
fg
File: graphics.cfg 2016/06/04 v1.11 sample graphics configuration
)
Package graphics Info: Driver file: pdftex.def on input line 107.
)
\Gin@req@height=\dimen170
\Gin@req@width=\dimen171
)
(C:\Users\artof\AppData\Local\Programs\MiKTeX\tex/latex/collectbox\collectbox.s
ty
Package: collectbox 2022/10/17 v0.4c Collect macro arguments as boxes
\collectedbox=\box108
)
\tc@llx=\dimen172
\tc@lly=\dimen173
\tc@urx=\dimen174
\tc@ury=\dimen175
Package trimclip Info: Using driver 'tc-pdftex.def'.

(C:\Users\artof\AppData\Local\Programs\MiKTeX\tex/latex/adjustbox\tc-pdftex.def
File: tc-pdftex.def 2019/01/04 v2.2 Clipping driver for pdftex
))
\adjbox@Width=\dimen176
\adjbox@Height=\dimen177
\adjbox@Depth=\dimen178
\adjbox@Totalheight=\dimen179
\adjbox@pwidth=\dimen180
\adjbox@pheight=\dimen181
\adjbox@pdepth=\dimen182
\adjbox@ptotalheight=\dimen183

(C:\Users\artof\AppData\Local\Programs\MiKTeX\tex/latex/ifoddpage\ifoddpage.sty
Package: ifoddpage 2022/10/18 v1.2 Conditionals for odd/even page detection
\c@checkoddpage=\count293
)) (C:\Users\artof\AppData\Local\Programs\MiKTeX\tex/latex/amsfonts\amssymb.sty
Package: amssymb 2013/01/14 v3.01 AMS font symbols
(C:\Users\artof\AppData\Local\Programs\MiKTeX\tex/latex/amsfonts\amsfonts.sty
Package: amsfonts 2013/01/14 v3.01 Basic AMSFonts support
\@emptytoks=\toks29
\symAMSa=\mathgroup4
\symAMSb=\mathgroup5
LaTeX Font Info:    Redeclaring math symbol \hbar on input line 98.
LaTeX Font Info:    Overwriting math alphabet `\mathfrak' in version `bold'
(Font)                  U/euf/m/n --> U/euf/b/n on input line 106.
))
(C:\Users\artof\AppData\Local\Programs\MiKTeX\tex/latex/stackengine\stackengine
.sty
Package: stackengine 2021/07/22 v4.11\ Stacking text and objects in convenient 
ways

(C:\Users\artof\AppData\Local\Programs\MiKTeX\tex/latex/etoolbox\etoolbox.sty
Package: etoolbox 2020/10/05 v2.5k e-TeX tools for LaTeX (JAW)
\etb@tempcnta=\count294
)
(C:\Users\artof\AppData\Local\Programs\MiKTeX\tex/latex/listofitems\listofitems
.sty
(C:\Users\artof\AppData\Local\Programs\MiKTeX\tex/generic/listofitems\listofite
ms.tex
\loi_cnt_foreach_nest=\count295
\loi_nestcnt=\count296
)
Package: listofitems 2019/08/21 v1.63 Grab items in lists using user-specified 
sep char (CT)
)
\c@@stackindex=\count297
\@boxshift=\skip72
\stack@tmplength=\skip73
\temp@stkl=\skip74
\@stackedboxwidth=\skip75
\@addedbox=\box109
\@anchorbox=\box110
\@insetbox=\box111
\se@backgroundbox=\box112
\stackedbox=\box113
\@centerbox=\box114
\c@ROWcellindex@=\count298
)
(C:\Users\artof\AppData\Local\Programs\MiKTeX\tex/latex/enumitem\enumitem.sty
Package: enumitem 2019/06/20 v3.9 Customized lists
\labelindent=\skip76
\enit@outerparindent=\dimen184
\enit@toks=\toks30
\enit@inbox=\box115
\enit@count@id=\count299
\enitdp@description=\count300
)
(C:\Users\artof\AppData\Local\Programs\MiKTeX\tex/generic/alphalph\alphalph.sty
Package: alphalph 2019/12/09 v2.6 Convert numbers to letters (HO)

(C:\Users\artof\AppData\Local\Programs\MiKTeX\tex/generic/infwarerr\infwarerr.s
ty
Package: infwarerr 2019/12/03 v1.5 Providing info/warning/error messages (HO)
)
(C:\Users\artof\AppData\Local\Programs\MiKTeX\tex/generic/intcalc\intcalc.sty
Package: intcalc 2019/12/15 v1.3 Expandable calculations with integers (HO)
)) (C:\Users\artof\AppData\Local\Programs\MiKTeX\tex/latex/ulem\ulem.sty
\UL@box=\box116
\UL@hyphenbox=\box117
\UL@skip=\skip77
\UL@hook=\toks31
\UL@height=\dimen185
\UL@pe=\count301
\UL@pixel=\dimen186
\ULC@box=\box118
Package: ulem 2019/11/18
\ULdepth=\dimen187
)
\xrefbox=\box119
\xreflength=\skip78
\CodeWidthChar=\skip79
\CodeHeightChar=\skip80
\DoxyCodeWidth=\skip81
\c@DoxyEnumeratei=\count302
\c@DoxyEnumerateii=\count303
\c@DoxyEnumerateiii=\count304
\c@DoxyEnumerateiv=\count305
\c@DoxyEnumeratev=\count306
\c@DoxyEnumeratevi=\count307
\c@DoxyEnumeratevii=\count308
\c@DoxyEnumerateviii=\count309
\c@DoxyEnumerateix=\count310
\c@DoxyEnumeratex=\count311
\c@DoxyEnumeratexi=\count312
\c@DoxyEnumeratexii=\count313
\enitdp@DoxyEnumerate=\count314
\enitdp@DoxyItemize=\count315
)
(C:\Users\artof\AppData\Local\Programs\MiKTeX\tex/latex/base\inputenc.sty
Package: inputenc 2021/02/14 v1.3d Input encoding file
\inpenc@prehook=\toks32
\inpenc@posthook=\toks33
)
(C:\Users\artof\AppData\Local\Programs\MiKTeX\tex/latex/base\makeidx.sty
Package: makeidx 2021/10/04 v1.0m Standard LaTeX package
)
(C:\Users\artof\AppData\Local\Programs\MiKTeX\tex/latex/base\textcomp.sty
Package: textcomp 2020/02/02 v2.0n Standard LaTeX package
)
(C:\Users\artof\AppData\Local\Programs\MiKTeX\tex/latex/wasysym\wasysym.sty
Package: wasysym 2020/01/19 v2.4 Wasy-2 symbol support package
\symwasy=\mathgroup6
LaTeX Font Info:    Overwriting symbol font `wasy' in version `bold'
(Font)                  U/wasy/m/n --> U/wasy/b/n on input line 93.
)
(C:\Users\artof\AppData\Local\Programs\MiKTeX\tex/generic/iftex\ifxetex.sty
Package: ifxetex 2019/10/25 v0.7 ifxetex legacy package. Use iftex instead.
)
(C:\Users\artof\AppData\Local\Programs\MiKTeX\tex/latex/base\fontenc.sty
Package: fontenc 2021/04/29 v2.0v Standard LaTeX package
)
(C:\Users\artof\AppData\Local\Programs\MiKTeX\tex/latex/psnfss\helvet.sty
Package: helvet 2020/03/25 PSNFSS-v9.3 (WaS) 
)
(C:\Users\artof\AppData\Local\Programs\MiKTeX\tex/latex/psnfss\courier.sty
Package: courier 2020/03/25 PSNFSS-v9.3 (WaS) 
)
(C:\Users\artof\AppData\Local\Programs\MiKTeX\tex/latex/sectsty\sectsty.sty
Package: sectsty 2002/02/25 v2.0.2 Commands to change all sectional heading sty
les


LaTeX Warning: Command \underbar  has changed.
               Check if current package is valid.


LaTeX Warning: Command \underline  has changed.
               Check if current package is valid.

) (C:\Users\artof\AppData\Local\Programs\MiKTeX\tex/latex/geometry\geometry.sty
Package: geometry 2020/01/02 v5.9 Page Geometry
(C:\Users\artof\AppData\Local\Programs\MiKTeX\tex/generic/iftex\ifvtex.sty
Package: ifvtex 2019/10/25 v1.7 ifvtex legacy package. Use iftex instead.
)
\Gm@cnth=\count316
\Gm@cntv=\count317
\c@Gm@tempcnt=\count318
\Gm@bindingoffset=\dimen188
\Gm@wd@mp=\dimen189
\Gm@odd@mp=\dimen190
\Gm@even@mp=\dimen191
\Gm@layoutwidth=\dimen192
\Gm@layoutheight=\dimen193
\Gm@layouthoffset=\dimen194
\Gm@layoutvoffset=\dimen195
\Gm@dimlist=\toks34

(C:\Users\artof\AppData\Local\Programs\MiKTeX\tex/latex/geometry\geometry.cfg))
(C:\Users\artof\AppData\Local\Programs\MiKTeX\tex/latex/fancyhdr\fancyhdr.sty
Package: fancyhdr 2022/11/09 v4.1 Extensive control of page headers and footers

\f@nch@headwidth=\skip82
\f@nch@O@elh=\skip83
\f@nch@O@erh=\skip84
\f@nch@O@olh=\skip85
\f@nch@O@orh=\skip86
\f@nch@O@elf=\skip87
\f@nch@O@erf=\skip88
\f@nch@O@olf=\skip89
\f@nch@O@orf=\skip90
)
(C:\Users\artof\AppData\Local\Programs\MiKTeX\tex/latex/natbib\natbib.sty
Package: natbib 2010/09/13 8.31b (PWD, AO)
\bibhang=\skip91
\bibsep=\skip92
LaTeX Info: Redefining \cite on input line 694.
\c@NAT@ctr=\count319
)
(C:\Users\artof\AppData\Local\Programs\MiKTeX\tex/latex/tocloft\tocloft.sty
Package: tocloft 2017/08/31 v2.3i parameterised ToC, etc., typesetting
Package tocloft Info: The document has chapter divisions on input line 51.
\cftparskip=\skip93
\cftbeforetoctitleskip=\skip94
\cftaftertoctitleskip=\skip95
\cftbeforepartskip=\skip96
\cftpartnumwidth=\skip97
\cftpartindent=\skip98
\cftbeforechapskip=\skip99
\cftchapindent=\skip100
\cftchapnumwidth=\skip101
\cftbeforesecskip=\skip102
\cftsecindent=\skip103
\cftsecnumwidth=\skip104
\cftbeforesubsecskip=\skip105
\cftsubsecindent=\skip106
\cftsubsecnumwidth=\skip107
\cftbeforesubsubsecskip=\skip108
\cftsubsubsecindent=\skip109
\cftsubsubsecnumwidth=\skip110
\cftbeforeparaskip=\skip111
\cftparaindent=\skip112
\cftparanumwidth=\skip113
\cftbeforesubparaskip=\skip114
\cftsubparaindent=\skip115
\cftsubparanumwidth=\skip116
\cftbeforeloftitleskip=\skip117
\cftafterloftitleskip=\skip118
\cftbeforefigskip=\skip119
\cftfigindent=\skip120
\cftfignumwidth=\skip121
\c@lofdepth=\count320
\c@lotdepth=\count321
\cftbeforelottitleskip=\skip122
\cftafterlottitleskip=\skip123
\cftbeforetabskip=\skip124
\cfttabindent=\skip125
\cfttabnumwidth=\skip126
)
\@indexfile=\write4
\openout4 = `refman.idx'.


Writing index file refman.idx

(C:\Users\artof\AppData\Local\Programs\MiKTeX\tex/latex/newunicodechar\newunico
dechar.sty
Package: newunicodechar 2018/04/08 v1.2 Defining Unicode characters
)

Package newunicodechar Warning: Redefining Unicode character on input line 116.



Package newunicodechar Warning: Redefining Unicode character on input line 117.


(C:\Users\artof\AppData\Local\Programs\MiKTeX\tex/latex/hyperref\hyperref.sty
Package: hyperref 2022-06-20 v7.00s Hypertext links for LaTeX

(C:\Users\artof\AppData\Local\Programs\MiKTeX\tex/generic/ltxcmds\ltxcmds.sty
Package: ltxcmds 2020-05-10 v1.25 LaTeX kernel commands for general use (HO)
)
(C:\Users\artof\AppData\Local\Programs\MiKTeX\tex/generic/pdftexcmds\pdftexcmds
.sty
Package: pdftexcmds 2020-06-27 v0.33 Utility functions of pdfTeX for LuaTeX (HO
)
Package pdftexcmds Info: \pdf@primitive is available.
Package pdftexcmds Info: \pdf@ifprimitive is available.
Package pdftexcmds Info: \pdfdraftmode found.
)
(C:\Users\artof\AppData\Local\Programs\MiKTeX\tex/latex/kvsetkeys\kvsetkeys.sty
Package: kvsetkeys 2022-10-05 v1.19 Key value parser (HO)
)
(C:\Users\artof\AppData\Local\Programs\MiKTeX\tex/generic/kvdefinekeys\kvdefine
keys.sty
Package: kvdefinekeys 2019-12-19 v1.6 Define keys (HO)
)
(C:\Users\artof\AppData\Local\Programs\MiKTeX\tex/generic/pdfescape\pdfescape.s
ty
Package: pdfescape 2019/12/09 v1.15 Implements pdfTeX's escape features (HO)
) (C:\Users\artof\AppData\Local\Programs\MiKTeX\tex/latex/hycolor\hycolor.sty
Package: hycolor 2020-01-27 v1.10 Color options for hyperref/bookmark (HO)
)
(C:\Users\artof\AppData\Local\Programs\MiKTeX\tex/latex/letltxmacro\letltxmacro
.sty
Package: letltxmacro 2019/12/03 v1.6 Let assignment for LaTeX macros (HO)
)
(C:\Users\artof\AppData\Local\Programs\MiKTeX\tex/latex/auxhook\auxhook.sty
Package: auxhook 2019-12-17 v1.6 Hooks for auxiliary files (HO)
)
(C:\Users\artof\AppData\Local\Programs\MiKTeX\tex/latex/hyperref\nameref.sty
Package: nameref 2022-05-17 v2.50 Cross-referencing by name of section

(C:\Users\artof\AppData\Local\Programs\MiKTeX\tex/latex/refcount\refcount.sty
Package: refcount 2019/12/15 v3.6 Data extraction from label references (HO)
)
(C:\Users\artof\AppData\Local\Programs\MiKTeX\tex/generic/gettitlestring\gettit
lestring.sty
Package: gettitlestring 2019/12/15 v1.6 Cleanup title references (HO)

(C:\Users\artof\AppData\Local\Programs\MiKTeX\tex/latex/kvoptions\kvoptions.sty
Package: kvoptions 2022-06-15 v3.15 Key value format for package options (HO)
))
\c@section@level=\count322
)
\@linkdim=\dimen196
\Hy@linkcounter=\count323
\Hy@pagecounter=\count324
 (C:\Users\artof\AppData\Local\Programs\MiKTeX\tex/latex/hyperref\pd1enc.def
File: pd1enc.def 2022-06-20 v7.00s Hyperref: PDFDocEncoding definition (HO)
Now handling font encoding PD1 ...
... no UTF-8 mapping file for font encoding PD1
)
(C:\Users\artof\AppData\Local\Programs\MiKTeX\tex/generic/etexcmds\etexcmds.sty
Package: etexcmds 2019/12/15 v1.7 Avoid name clashes with e-TeX commands (HO)
)
\Hy@SavedSpaceFactor=\count325
 (C:\Users\artof\AppData\Local\Programs\MiKTeX\tex/latex/hyperref\puenc.def
File: puenc.def 2022-06-20 v7.00s Hyperref: PDF Unicode definition (HO)
Now handling font encoding PU ...
... no UTF-8 mapping file for font encoding PU
)
Package hyperref Info: Hyper figures OFF on input line 4162.
Package hyperref Info: Link nesting OFF on input line 4167.
Package hyperref Info: Hyper index ON on input line 4170.
Package hyperref Info: Plain pages OFF on input line 4177.
Package hyperref Info: Backreferencing ON on input line 4180.
Package hyperref Info: Implicit mode ON; LaTeX internals redefined.
Package hyperref Info: Bookmarks ON on input line 4408.

(C:\Users\artof\AppData\Local\Programs\MiKTeX\tex/latex/hyperref\backref.sty
Package: backref 2021/02/04 v1.41 Bibliographical back referencing

(C:\Users\artof\AppData\Local\Programs\MiKTeX\tex/latex/rerunfilecheck\rerunfil
echeck.sty
Package: rerunfilecheck 2022-07-10 v1.10 Rerun checks for auxiliary files (HO)

(C:\Users\artof\AppData\Local\Programs\MiKTeX\tex/latex/base\atveryend-ltx.sty
Package: atveryend-ltx 2020/08/19 v1.0a Emulation of the original atveryend pac
kage
with kernel methods
)
(C:\Users\artof\AppData\Local\Programs\MiKTeX\tex/generic/uniquecounter\uniquec
ounter.sty
Package: uniquecounter 2019/12/15 v1.4 Provide unlimited unique counter (HO)

(C:\Users\artof\AppData\Local\Programs\MiKTeX\tex/generic/bigintcalc\bigintcalc
.sty
Package: bigintcalc 2019/12/15 v1.5 Expandable calculations on big integers (HO
)
))
Package uniquecounter Info: New unique counter `rerunfilecheck' on input line 2
85.
))
\c@Hy@tempcnt=\count326
 (C:\Users\artof\AppData\Local\Programs\MiKTeX\tex/latex/url\url.sty
\Urlmuskip=\muskip16
Package: url 2013/09/16  ver 3.4  Verb mode for urls, etc.
)
LaTeX Info: Redefining \url on input line 4746.
\XeTeXLinkMargin=\dimen197

(C:\Users\artof\AppData\Local\Programs\MiKTeX\tex/generic/bitset\bitset.sty
Package: bitset 2019/12/09 v1.3 Handle bit-vector datatype (HO)
)
\Fld@menulength=\count327
\Field@Width=\dimen198
\Fld@charsize=\dimen199
Package hyperref Info: Hyper figures OFF on input line 6024.
Package hyperref Info: Link nesting OFF on input line 6029.
Package hyperref Info: Hyper index ON on input line 6032.
Package hyperref Info: backreferencing ON on input line 6037.
Package hyperref Info: Link coloring OFF on input line 6044.
Package hyperref Info: Link coloring with OCG OFF on input line 6049.
Package hyperref Info: PDF/A mode OFF on input line 6054.

(C:\Users\artof\AppData\Local\Programs\MiKTeX\tex/latex/base\atbegshi-ltx.sty
Package: atbegshi-ltx 2021/01/10 v1.0c Emulation of the original atbegshi
package with kernel methods
)
\Hy@abspage=\count328
\c@Item=\count329
\c@Hfootnote=\count330


LaTeX Warning: Command \LT@p@ftntext  has changed.
               Check if current package is valid.

)
Package hyperref Info: Driver: hpdftex.
 (C:\Users\artof\AppData\Local\Programs\MiKTeX\tex/latex/hyperref\hpdftex.def
File: hpdftex.def 2022-06-20 v7.00s Hyperref driver for pdfTeX
\Fld@listcount=\count331
\c@bookmark@seq@number=\count332
\Hy@SectionHShift=\skip127
)
Package hyperref Info: Option `colorlinks' set `true' on input line 136.
Package hyperref Info: Option `unicode' set `true' on input line 136.
(C:\Users\artof\AppData\Local\Programs\MiKTeX\tex/latex/caption\caption.sty
Package: caption 2023/03/12 v3.6j Customizing captions (AR)

(C:\Users\artof\AppData\Local\Programs\MiKTeX\tex/latex/caption\caption3.sty
Package: caption3 2023/03/12 v2.4 caption3 kernel (AR)
\caption@tempdima=\dimen256
\captionmargin=\dimen257
\caption@leftmargin=\dimen258
\caption@rightmargin=\dimen259
\caption@width=\dimen260
\caption@indent=\dimen261
\caption@parindent=\dimen262
\caption@hangindent=\dimen263
Package caption Info: Standard document class detected.
)
\c@caption@flags=\count333
\c@continuedfloat=\count334
Package caption Info: float package is loaded.
Package caption Info: hyperref package is loaded.
Package caption Info: longtable package is loaded.

(C:\Users\artof\AppData\Local\Programs\MiKTeX\tex/latex/caption\ltcaption.sty
Package: ltcaption 2021/01/08 v1.4c longtable captions (AR)
)) (C:\Users\artof\AppData\Local\Programs\MiKTeX\tex/latex/etoc\etoc.sty
Package: etoc 2023/05/01 v1.2a Completely customisable TOCs (JFB)
\Etoc@toctoks=\toks35
\c@etoc@tocid=\count335
\etoc@framed@titlebox=\box120
\etoc@framed@contentsbox=\box121
)
LaTeX Font Info:    Trying to load font information for T1+phv on input line 15
2.

(C:\Users\artof\AppData\Local\Programs\MiKTeX\tex/latex/psnfss\t1phv.fd
File: t1phv.fd 2020/03/25 scalable font definitions for T1/phv.
)
LaTeX Font Info:    Font shape `T1/phv/m/n' will be
(Font)              scaled to size 8.99994pt on input line 152.

(C:\Users\artof\AppData\Local\Programs\MiKTeX\tex/latex/l3backend\l3backend-pdf
tex.def
File: l3backend-pdftex.def 2022-07-01 L3 backend support: PDF output (pdfTeX)
\l__color_backend_stack_int=\count336
\l__pdf_internal_box=\box122
) (refman.aux

LaTeX Warning: Label `classc_mat2_d_aca9180cae53757382050e363b9d8eaa0' multiply
 defined.


LaTeX Warning: Label `classc_mat2_d_afa5390c7e164a77456d61477b5f152b1' multiply
 defined.


LaTeX Warning: Label `classc_mat2_d_a1b2ec49c61df84feb3dbcb410489588f' multiply
 defined.


LaTeX Warning: Label `classc_mat2_d_a4127207cc8695b12793cc27f66cb9d7b' multiply
 defined.


LaTeX Warning: Label `classc_mat2_d_a585eeb0380be7dd93270c9cc29a38b66' multiply
 defined.


LaTeX Warning: Label `classc_mat2_d_a07273c2b2c4ed4bb8a85209454f3e35e' multiply
 defined.


LaTeX Warning: Label `classc_mat2_d_a32cc6bce7146c3c6a590fcfab9a8bea3' multiply
 defined.


LaTeX Warning: Label `classc_mat2_d_acff590836167542b5337812c0691d1f8' multiply
 defined.


LaTeX Warning: Label `classc_mat2_d_a0f2893809c7da4e1e65ba83afdb39fbf' multiply
 defined.


LaTeX Warning: Label `classc_mat2_d_a4d08fd444c5bc11af5f69d69a9853454' multiply
 defined.


LaTeX Warning: Label `classc_mat2_d_ade219f1406c1ca8b55d3d7202636824a' multiply
 defined.


LaTeX Warning: Label `classc_mat2_d_a4808e7a6806717eccd1bf783d13924fa' multiply
 defined.


LaTeX Warning: Label `classc_mat2_d_ab6801fcd2e70176ee42cea2dbb02d115' multiply
 defined.


LaTeX Warning: Label `classc_mat2_d_af12ccdd989e177278663981a9099557f' multiply
 defined.


LaTeX Warning: Label `classc_mat2_d_adfd4450d81833a7f267bb9532e596616' multiply
 defined.


LaTeX Warning: Label `classc_mat2_d_aebb11b71a3767fed49c1cec087610814' multiply
 defined.


LaTeX Warning: Label `classc_mat2_d_ac08bd03c42e3a4d193f0bcdb04185f51' multiply
 defined.


LaTeX Warning: Label `classc_mat2_df_a529afacb6148a067dd3a5a488cb97e13' multipl
y defined.


LaTeX Warning: Label `classc_mat2_df_a3665cc793ee74c64da3186b9eaf86b57' multipl
y defined.

)
\openout1 = `refman.aux'.

LaTeX Font Info:    Checking defaults for OML/cmm/m/it on input line 152.
LaTeX Font Info:    ... okay on input line 152.
LaTeX Font Info:    Checking defaults for OMS/cmsy/m/n on input line 152.
LaTeX Font Info:    ... okay on input line 152.
LaTeX Font Info:    Checking defaults for OT1/cmr/m/n on input line 152.
LaTeX Font Info:    ... okay on input line 152.
LaTeX Font Info:    Checking defaults for T1/cmr/m/n on input line 152.
LaTeX Font Info:    ... okay on input line 152.
LaTeX Font Info:    Checking defaults for TS1/cmr/m/n on input line 152.
LaTeX Font Info:    ... okay on input line 152.
LaTeX Font Info:    Checking defaults for OMX/cmex/m/n on input line 152.
LaTeX Font Info:    ... okay on input line 152.
LaTeX Font Info:    Checking defaults for U/cmr/m/n on input line 152.
LaTeX Font Info:    ... okay on input line 152.
LaTeX Font Info:    Checking defaults for PD1/pdf/m/n on input line 152.
LaTeX Font Info:    ... okay on input line 152.
LaTeX Font Info:    Checking defaults for PU/pdf/m/n on input line 152.
LaTeX Font Info:    ... okay on input line 152.

(C:\Users\artof\AppData\Local\Programs\MiKTeX\tex/context/base/mkii\supp-pdf.mk
ii
[Loading MPS to PDF converter (version 2006.09.02).]
\scratchcounter=\count337
\scratchdimen=\dimen264
\scratchbox=\box123
\nofMPsegments=\count338
\nofMParguments=\count339
\everyMPshowfont=\toks36
\MPscratchCnt=\count340
\MPscratchDim=\dimen265
\MPnumerator=\count341
\makeMPintoPDFobject=\count342
\everyMPtoPDFconversion=\toks37
)
(C:\Users\artof\AppData\Local\Programs\MiKTeX\tex/latex/epstopdf-pkg\epstopdf-b
ase.sty
Package: epstopdf-base 2020-01-24 v2.11 Base part for package epstopdf
Package epstopdf-base Info: Redefining graphics rule for `.eps' on input line 4
85.

(C:\Users\artof\AppData\Local\Programs\MiKTeX\tex/latex/00miktex\epstopdf-sys.c
fg
File: epstopdf-sys.cfg 2021/03/18 v2.0 Configuration of epstopdf for MiKTeX
))
*geometry* driver: auto-detecting
*geometry* detected driver: pdftex
*geometry* verbose mode - [ preamble ] result:
* driver: pdftex
* paper: a4paper
* layout: <same size as paper>
* layoutoffset:(h,v)=(0.0pt,0.0pt)
* modes: twoside 
* h-part:(L,W,R)=(71.13188pt, 455.24411pt, 71.13188pt)
* v-part:(T,H,B)=(71.13188pt, 702.78308pt, 71.13188pt)
* \paperwidth=597.50787pt
* \paperheight=845.04684pt
* \textwidth=455.24411pt
* \textheight=702.78308pt
* \oddsidemargin=-1.1381pt
* \evensidemargin=-1.1381pt
* \topmargin=-31.2056pt
* \headheight=12.0pt
* \headsep=18.06749pt
* \topskip=10.0pt
* \footskip=25.29494pt
* \marginparwidth=125.0pt
* \marginparsep=7.0pt
* \columnsep=10.0pt
* \skip\footins=9.0pt plus 4.0pt minus 2.0pt
* \hoffset=0.0pt
* \voffset=0.0pt
* \mag=1000
* \@twocolumnfalse
* \@twosidetrue
* \@mparswitchtrue
* \@reversemarginfalse
* (1in=72.27pt=25.4mm, 1cm=28.453pt)

Package backref Info: ** backref set up for natbib ** on input line 152.
Package hyperref Info: Link coloring ON on input line 152.
(refman.out) (refman.out)
\@outlinefile=\write5
\openout5 = `refman.out'.

Package caption Info: Begin \AtBeginDocument code.
Package caption Info: End \AtBeginDocument code.
\Etoc@tf=\read4
Package hyperref Info: Option `pageanchor' set `false' on input line 160.
Package hyperref Info: Option `bookmarksnumbered' set `true' on input line 160.

Package hyperref Info: Option `unicode' set `true' on input line 160.
LaTeX Font Info:    Font shape `T1/phv/m/n' will be
(Font)              scaled to size 12.9599pt on input line 165.
LaTeX Font Info:    Font shape `T1/phv/m/n' will be
(Font)              scaled to size 10.79993pt on input line 167.
 [1


{C:/Users/artof/AppData/Local/MiKTeX/fonts/map/pdftex/pdftex.map}] [2

]
\tf@toc=\write6
\openout6 = `refman.toc'.

LaTeX Font Info:    Font shape `T1/phv/b/n' will be
(Font)              scaled to size 8.99994pt on input line 173.
LaTeX Font Info:    Trying to load font information for U+msa on input line 173
.

(C:\Users\artof\AppData\Local\Programs\MiKTeX\tex/latex/amsfonts\umsa.fd
File: umsa.fd 2013/01/14 v3.01 AMS symbols A
)
LaTeX Font Info:    Trying to load font information for U+msb on input line 173
.

(C:\Users\artof\AppData\Local\Programs\MiKTeX\tex/latex/amsfonts\umsb.fd
File: umsb.fd 2013/01/14 v3.01 AMS symbols B
)
LaTeX Font Info:    Trying to load font information for U+wasy on input line 17
3.

(C:\Users\artof\AppData\Local\Programs\MiKTeX\tex/latex/wasysym\uwasy.fd
File: uwasy.fd 2020/01/19 v2.4 Wasy-2 symbol font definitions
)
LaTeX Font Info:    Font shape `T1/phv/m/n' will be
(Font)              scaled to size 6.29996pt on input line 173.
LaTeX Font Info:    Font shape `T1/phv/b/n' will be
(Font)              scaled to size 6.29996pt on input line 173.

[1] [2] [3]
LaTeX Font Info:    Font shape `T1/phv/m/n' will be
(Font)              scaled to size 7.19995pt on input line 173.
LaTeX Font Info:    Trying to load font information for T1+pcr on input line 17
3.

(C:\Users\artof\AppData\Local\Programs\MiKTeX\tex/latex/psnfss\t1pcr.fd
File: t1pcr.fd 2001/06/04 font definitions for T1/pcr.
)
[4] [5] [6] [7] [8

]
Package hyperref Info: Option `pageanchor' set `true' on input line 176.

Chapter 1.
LaTeX Font Info:    Font shape `T1/phv/m/n' will be
(Font)              scaled to size 18.66588pt on input line 178.
LaTeX Font Info:    Font shape `T1/phv/b/n' will be
(Font)              scaled to size 18.66588pt on input line 178.
LaTeX Font Info:    Font shape `T1/phv/bc/n' will be
(Font)              scaled to size 18.66588pt on input line 178.
LaTeX Font Info:    Font shape `T1/phv/m/n' will be
(Font)              scaled to size 22.39185pt on input line 178.
LaTeX Font Info:    Font shape `T1/phv/b/n' will be
(Font)              scaled to size 22.39185pt on input line 178.
LaTeX Font Info:    Font shape `T1/phv/bc/n' will be
(Font)              scaled to size 22.39185pt on input line 178.
(md_dev_dev_notes.tex
LaTeX Font Info:    Trying to load font information for TS1+phv on input line 3
.

(C:\Users\artof\AppData\Local\Programs\MiKTeX\tex/latex/psnfss\ts1phv.fd
File: ts1phv.fd 2020/03/25 scalable font definitions for TS1/phv.
)
LaTeX Font Info:    Font shape `TS1/phv/m/n' will be
(Font)              scaled to size 8.99994pt on input line 3.
LaTeX Font Info:    Font shape `T1/phv/b/n' will be
(Font)              scaled to size 12.9599pt on input line 9.
)
[1

] [2

]
Chapter 2.
(md_dev_log_notes.tex) [3] [4

]
Chapter 3.
(md_dev_photoshoot_notes.tex) [5] [6

]
Chapter 4.
(md_dev_test_notes.tex) [7] [8

]
Chapter 5.
(md_lib_gui_lib__t_o_d_o.tex
Underfull \hbox (badness 10000) in paragraph at lines 5--6

 []

[9])
Underfull \hbox (badness 922) in paragraph at lines 39--198
[]\T1/phv/m/n/10 Implements[]: IBorder[]Element, IButton[]Controller, IElement[
]Configuration, IElement[]Controller, IImage[]Controller,
 []

[10]
Chapter 6.
(md__r_e_a_d_m_e.tex) [11

] [12

]
Chapter 7.
(hierarchy.tex [13] [14]) [15] [16

]
Chapter 8.
(annotated.tex [17]) [18]
Chapter 9.
(files.tex [19

]) [20]
Chapter 10.
(struct__bmp_b_i_t_m_a_p_f_i_l_e_h_e_a_d_e_r.tex
LaTeX Font Info:    Font shape `T1/phv/b/n' will be
(Font)              scaled to size 10.79993pt on input line 3.
)
(struct__bmp_b_i_t_m_a_p_i_n_f_o_h_e_a_d_e_r.tex)
(classrpgui_1_1layout_1_1_absolute_layout.tex

pdfTeX warning: pdflatex (file ./classrpgui_1_1layout_1_1_absolute_layout.pdf):
 PDF inclusion: found PDF version <1.7>, but at most version <1.5> allowed
 <./classrpgui_1_1layout_1_1_absolute_layout.pdf>
<classrpgui_1_1layout_1_1_absolute_layout.pdf, id=2064, 501.875pt x 540.0175pt>

File: classrpgui_1_1layout_1_1_absolute_layout.pdf Graphic file (type pdf)
<use classrpgui_1_1layout_1_1_absolute_layout.pdf>
Package pdftex.def Info: classrpgui_1_1layout_1_1_absolute_layout.pdf  used on 
input line 6.
(pdftex.def)             Requested size: 132.21512pt x 142.26378pt.
 [21

]
LaTeX Font Info:    Font shape `T1/phv/m/n' will be
(Font)              scaled to size 8.09995pt on input line 16.
LaTeX Font Info:    Font shape `T1/phv/m/it' in size <9> not available
(Font)              Font shape `T1/phv/m/sl' tried instead on input line 16.
LaTeX Font Info:    Font shape `T1/phv/m/sl' will be
(Font)              scaled to size 8.09995pt on input line 16.
)
(classrpgui_1_1common_1_1_activatable.tex

pdfTeX warning: pdflatex (file ./classrpgui_1_1common_1_1_activatable.pdf): PDF
 inclusion: found PDF version <1.7>, but at most version <1.5> allowed
 <./classrpgui_1_1common_1_1_activatable.pdf>
<classrpgui_1_1common_1_1_activatable.pdf, id=2098, 501.875pt x 236.885pt>
File: classrpgui_1_1common_1_1_activatable.pdf Graphic file (type pdf)
<use classrpgui_1_1common_1_1_activatable.pdf>
Package pdftex.def Info: classrpgui_1_1common_1_1_activatable.pdf  used on inpu
t line 6.
(pdftex.def)             Requested size: 120.55966pt x 56.9055pt.
 [22]) (class_pong_1_1_ball.tex)
(classrpgui_1_1common_1_1_bindable_property.tex)
(structrpgui_1_1common_1_1_bounds.tex [23]) (classrpgui_1_1ui_1_1_button.tex

pdfTeX warning: pdflatex (file ./classrpgui_1_1ui_1_1_button.pdf): PDF inclusio
n: found PDF version <1.7>, but at most version <1.5> allowed
 <./classrpgui_1_1ui_1_1_button.pdf>
<classrpgui_1_1ui_1_1_button.pdf, id=2152, 501.875pt x 162.6075pt>
File: classrpgui_1_1ui_1_1_button.pdf Graphic file (type pdf)
<use classrpgui_1_1ui_1_1_button.pdf>
Package pdftex.def Info: classrpgui_1_1ui_1_1_button.pdf  used on input line 6.

(pdftex.def)             Requested size: 263.45769pt x 85.35826pt.
 [24]
LaTeX Font Info:    Font shape `T1/pcr/m/it' in size <8> not available
(Font)              Font shape `T1/pcr/m/sl' tried instead on input line 56.
 [25]) (classc_gauss_d_random.tex)
(classc_gauss_f_random.tex) (classrpgui_1_1ui_1_1_check_box.tex

pdfTeX warning: pdflatex (file ./classrpgui_1_1ui_1_1_check_box.pdf): PDF inclu
sion: found PDF version <1.7>, but at most version <1.5> allowed
 <./classrpgui_1_1ui_1_1_check_box.pdf>
<classrpgui_1_1ui_1_1_check_box.pdf, id=2220, 501.875pt x 162.6075pt>
File: classrpgui_1_1ui_1_1_check_box.pdf Graphic file (type pdf)
<use classrpgui_1_1ui_1_1_check_box.pdf>
Package pdftex.def Info: classrpgui_1_1ui_1_1_check_box.pdf  used on input line
 6.
(pdftex.def)             Requested size: 263.45769pt x 85.35826pt.
 [26]) (classrpgui_1_1ui_1_1_circle.tex

pdfTeX warning: pdflatex (file ./classrpgui_1_1ui_1_1_circle.pdf): PDF inclusio
n: found PDF version <1.7>, but at most version <1.5> allowed
 <./classrpgui_1_1ui_1_1_circle.pdf>
<classrpgui_1_1ui_1_1_circle.pdf, id=2251, 501.875pt x 324.21124pt>
File: classrpgui_1_1ui_1_1_circle.pdf Graphic file (type pdf)
<use classrpgui_1_1ui_1_1_circle.pdf>
Package pdftex.def Info: classrpgui_1_1ui_1_1_circle.pdf  used on input line 6.

(pdftex.def)             Requested size: 132.13087pt x 85.35826pt.
 [27])
(classrpgui_1_1common_1_1_clickable.tex

pdfTeX warning: pdflatex (file ./classrpgui_1_1common_1_1_clickable.pdf): PDF i
nclusion: found PDF version <1.7>, but at most version <1.5> allowed
 <./classrpgui_1_1common_1_1_clickable.pdf>
<classrpgui_1_1common_1_1_clickable.pdf, id=2282, 501.875pt x 42.1575pt>
File: classrpgui_1_1common_1_1_clickable.pdf Graphic file (type pdf)
<use classrpgui_1_1common_1_1_clickable.pdf>
Package pdftex.def Info: classrpgui_1_1common_1_1_clickable.pdf  used on input 
line 6.
(pdftex.def)             Requested size: 397.67154pt x 33.40385pt.
) (classc_mat2_d.tex [28])
(classc_mat2_df.tex

pdfTeX warning: pdflatex (file ./classc_mat2_df.pdf): PDF inclusion: found PDF 
version <1.7>, but at most version <1.5> allowed
 <./classc_mat2_df.pdf>
<classc_mat2_df.pdf, id=2308, 501.875pt x 179.67125pt>
File: classc_mat2_df.pdf Graphic file (type pdf)
<use classc_mat2_df.pdf>
Package pdftex.def Info: classc_mat2_df.pdf  used on input line 6.
(pdftex.def)             Requested size: 158.94914pt x 56.9055pt.
 [29
pdfTeX warning (ext4): destination with the same identifier (name{classc_mat2_d
_aca9180cae53757382050e363b9d8eaa0}) has been already used, duplicate ignored
<argument> ...shipout:D \box_use:N \l_shipout_box 
                                                  \__shipout_drop_firstpage_...
l.9 \doxysubsection
                   *{Public Member Functions}
pdfTeX warning (ext4): destination with the same identifier (name{classc_mat2_d
_afa5390c7e164a77456d61477b5f152b1}) has been already used, duplicate ignored
<argument> ...shipout:D \box_use:N \l_shipout_box 
                                                  \__shipout_drop_firstpage_...
l.9 \doxysubsection
                   *{Public Member Functions}
pdfTeX warning (ext4): destination with the same identifier (name{classc_mat2_d
_a1b2ec49c61df84feb3dbcb410489588f}) has been already used, duplicate ignored
<argument> ...shipout:D \box_use:N \l_shipout_box 
                                                  \__shipout_drop_firstpage_...
l.9 \doxysubsection
                   *{Public Member Functions}
pdfTeX warning (ext4): destination with the same identifier (name{classc_mat2_d
_a4127207cc8695b12793cc27f66cb9d7b}) has been already used, duplicate ignored
<argument> ...shipout:D \box_use:N \l_shipout_box 
                                                  \__shipout_drop_firstpage_...
l.9 \doxysubsection
                   *{Public Member Functions}
pdfTeX warning (ext4): destination with the same identifier (name{classc_mat2_d
_a585eeb0380be7dd93270c9cc29a38b66}) has been already used, duplicate ignored
<argument> ...shipout:D \box_use:N \l_shipout_box 
                                                  \__shipout_drop_firstpage_...
l.9 \doxysubsection
                   *{Public Member Functions}
pdfTeX warning (ext4): destination with the same identifier (name{classc_mat2_d
_a07273c2b2c4ed4bb8a85209454f3e35e}) has been already used, duplicate ignored
<argument> ...shipout:D \box_use:N \l_shipout_box 
                                                  \__shipout_drop_firstpage_...
l.9 \doxysubsection
                   *{Public Member Functions}
pdfTeX warning (ext4): destination with the same identifier (name{classc_mat2_d
_a32cc6bce7146c3c6a590fcfab9a8bea3}) has been already used, duplicate ignored
<argument> ...shipout:D \box_use:N \l_shipout_box 
                                                  \__shipout_drop_firstpage_...
l.9 \doxysubsection
                   *{Public Member Functions}
pdfTeX warning (ext4): destination with the same identifier (name{classc_mat2_d
_acff590836167542b5337812c0691d1f8}) has been already used, duplicate ignored
<argument> ...shipout:D \box_use:N \l_shipout_box 
                                                  \__shipout_drop_firstpage_...
l.9 \doxysubsection
                   *{Public Member Functions}
pdfTeX warning (ext4): destination with the same identifier (name{classc_mat2_d
_a0f2893809c7da4e1e65ba83afdb39fbf}) has been already used, duplicate ignored
<argument> ...shipout:D \box_use:N \l_shipout_box 
                                                  \__shipout_drop_firstpage_...
l.9 \doxysubsection
                   *{Public Member Functions}
pdfTeX warning (ext4): destination with the same identifier (name{classc_mat2_d
_a4d08fd444c5bc11af5f69d69a9853454}) has been already used, duplicate ignored
<argument> ...shipout:D \box_use:N \l_shipout_box 
                                                  \__shipout_drop_firstpage_...
l.9 \doxysubsection
                   *{Public Member Functions}
pdfTeX warning (ext4): destination with the same identifier (name{classc_mat2_d
_ade219f1406c1ca8b55d3d7202636824a}) has been already used, duplicate ignored
<argument> ...shipout:D \box_use:N \l_shipout_box 
                                                  \__shipout_drop_firstpage_...
l.9 \doxysubsection
                   *{Public Member Functions}
pdfTeX warning (ext4): destination with the same identifier (name{classc_mat2_d
_a4808e7a6806717eccd1bf783d13924fa}) has been already used, duplicate ignored
<argument> ...shipout:D \box_use:N \l_shipout_box 
                                                  \__shipout_drop_firstpage_...
l.9 \doxysubsection
                   *{Public Member Functions}
pdfTeX warning (ext4): destination with the same identifier (name{classc_mat2_d
_ab6801fcd2e70176ee42cea2dbb02d115}) has been already used, duplicate ignored
<argument> ...shipout:D \box_use:N \l_shipout_box 
                                                  \__shipout_drop_firstpage_...
l.9 \doxysubsection
                   *{Public Member Functions}
pdfTeX warning (ext4): destination with the same identifier (name{classc_mat2_d
_af12ccdd989e177278663981a9099557f}) has been already used, duplicate ignored
<argument> ...shipout:D \box_use:N \l_shipout_box 
                                                  \__shipout_drop_firstpage_...
l.9 \doxysubsection
                   *{Public Member Functions}
pdfTeX warning (ext4): destination with the same identifier (name{classc_mat2_d
_adfd4450d81833a7f267bb9532e596616}) has been already used, duplicate ignored
<argument> ...shipout:D \box_use:N \l_shipout_box 
                                                  \__shipout_drop_firstpage_...
l.9 \doxysubsection
                   *{Public Member Functions}
pdfTeX warning (ext4): destination with the same identifier (name{classc_mat2_d
_aebb11b71a3767fed49c1cec087610814}) has been already used, duplicate ignored
<argument> ...shipout:D \box_use:N \l_shipout_box 
                                                  \__shipout_drop_firstpage_...
l.9 \doxysubsection
                   *{Public Member Functions}
pdfTeX warning (ext4): destination with the same identifier (name{classc_mat2_d
_ac08bd03c42e3a4d193f0bcdb04185f51}) has been already used, duplicate ignored
<argument> ...shipout:D \box_use:N \l_shipout_box 
                                                  \__shipout_drop_firstpage_...
l.9 \doxysubsection
                   *{Public Member Functions}]) (struct_pong_1_1_contact.tex)
(classc_random.tex [30
pdfTeX warning (ext4): destination with the same identifier (name{classc_mat2_d
f_a529afacb6148a067dd3a5a488cb97e13}) has been already used, duplicate ignored
<argument> ...shipout:D \box_use:N \l_shipout_box 
                                                  \__shipout_drop_firstpage_...
l.48 \mbox
          {\Hypertarget{classc_random_a92d57d8fae2da8191d17a544ea94b786}\lab...

pdfTeX warning (ext4): destination with the same identifier (name{classc_mat2_d
f_a3665cc793ee74c64da3186b9eaf86b57}) has been already used, duplicate ignored
<argument> ...shipout:D \box_use:N \l_shipout_box 
                                                  \__shipout_drop_firstpage_...
l.48 \mbox
          {\Hypertarget{classc_random_a92d57d8fae2da8191d17a544ea94b786}\lab...
]) (classrpgui_1_1core_1_1_cursor.tex

pdfTeX warning: pdflatex (file ./classrpgui_1_1core_1_1_cursor.pdf): PDF inclus
ion: found PDF version <1.7>, but at most version <1.5> allowed
 <./classrpgui_1_1core_1_1_cursor.pdf>
<classrpgui_1_1core_1_1_cursor.pdf, id=2355, 501.875pt x 324.21124pt>
File: classrpgui_1_1core_1_1_cursor.pdf Graphic file (type pdf)
<use classrpgui_1_1core_1_1_cursor.pdf>
Package pdftex.def Info: classrpgui_1_1core_1_1_cursor.pdf  used on input line 
6.
(pdftex.def)             Requested size: 132.13087pt x 85.35826pt.
 [31] [32]) (struct_d_i_r.tex)
(classrpgui_1_1event_1_1_dispatcher.tex) (classrpgui_1_1common_1_1_element.tex

pdfTeX warning: pdflatex (file ./classrpgui_1_1common_1_1_element.pdf): PDF inc
lusion: found PDF version <1.7>, but at most version <1.5> allowed
 <./classrpgui_1_1common_1_1_element.pdf>
<classrpgui_1_1common_1_1_element.pdf, id=2425, 501.875pt x 971.63pt>
File: classrpgui_1_1common_1_1_element.pdf Graphic file (type pdf)
<use classrpgui_1_1common_1_1_element.pdf>
Package pdftex.def Info: classrpgui_1_1common_1_1_element.pdf  used on input li
ne 6.
(pdftex.def)             Requested size: 176.35574pt x 341.43306pt.
 [33] [34])
(classrpgui_1_1ui_1_1_entry.tex

pdfTeX warning: pdflatex (file ./classrpgui_1_1ui_1_1_entry.pdf): PDF inclusion
: found PDF version <1.7>, but at most version <1.5> allowed
 <./classrpgui_1_1ui_1_1_entry.pdf>
<classrpgui_1_1ui_1_1_entry.pdf, id=2468, 501.875pt x 162.6075pt>
File: classrpgui_1_1ui_1_1_entry.pdf Graphic file (type pdf)
<use classrpgui_1_1ui_1_1_entry.pdf>
Package pdftex.def Info: classrpgui_1_1ui_1_1_entry.pdf  used on input line 6.
(pdftex.def)             Requested size: 263.45769pt x 85.35826pt.

Underfull \hbox (badness 1270) in paragraph at lines 15--18
[][] \T1/phv/b/n/10 En-try \T1/phv/m/n/10 (const std[]::string &text, const Col
or background[]Color=Color[]::[]Transparent, const Color text[]
 []

[35]) (struct_f_a_t_f_s.tex) (struct_f_f___find_data__t.tex [36])
(struct_f_f___s_t_a_t.tex) (struct_f_f_o_b_j_i_d.tex) (struct_f_i_l.tex
[37]) (struct_f_i_l_e_s_e_m.tex) (struct_f_i_l_i_n_f_o.tex)
(structrpgui_1_1event_1_1_handler.tex [38]) (structrpgui_1_1type_1_1_height.tex
) (struct_h_i_d_1_1kbd.tex) (classrpgui_1_1ui_1_1_label.tex

pdfTeX warning: pdflatex (file ./classrpgui_1_1ui_1_1_label.pdf): PDF inclusion
: found PDF version <1.7>, but at most version <1.5> allowed
 <./classrpgui_1_1ui_1_1_label.pdf>
<classrpgui_1_1ui_1_1_label.pdf, id=2585, 501.875pt x 324.21124pt>
File: classrpgui_1_1ui_1_1_label.pdf Graphic file (type pdf)
<use classrpgui_1_1ui_1_1_label.pdf>
Package pdftex.def Info: classrpgui_1_1ui_1_1_label.pdf  used on input line 6.
(pdftex.def)             Requested size: 132.13087pt x 85.35826pt.
 [39]
Underfull \hbox (badness 1087) in paragraph at lines 15--18
[][] \T1/phv/b/n/10 La-bel \T1/phv/m/n/10 (std[]::string &text, const Color tex
t[]Color=Color[]::[]White, const Color background[]Color=Color[]::[]
 []

) (classrpgui_1_1layout_1_1_layout.tex

pdfTeX warning: pdflatex (file ./classrpgui_1_1layout_1_1_layout.pdf): PDF incl
usion: found PDF version <1.7>, but at most version <1.5> allowed
 <./classrpgui_1_1layout_1_1_layout.pdf>
<classrpgui_1_1layout_1_1_layout.pdf, id=2613, 501.875pt x 270.00874pt>
File: classrpgui_1_1layout_1_1_layout.pdf Graphic file (type pdf)
<use classrpgui_1_1layout_1_1_layout.pdf>
Package pdftex.def Info: classrpgui_1_1layout_1_1_layout.pdf  used on input lin
e 6.
(pdftex.def)             Requested size: 264.4379pt x 142.26378pt.
 [40]) (classrpgui_1_1ui_1_1_line.tex

pdfTeX warning: pdflatex (file ./classrpgui_1_1ui_1_1_line.pdf): PDF inclusion:
 found PDF version <1.7>, but at most version <1.5> allowed
 <./classrpgui_1_1ui_1_1_line.pdf>
<classrpgui_1_1ui_1_1_line.pdf, id=2638, 501.875pt x 324.21124pt>
File: classrpgui_1_1ui_1_1_line.pdf Graphic file (type pdf)
<use classrpgui_1_1ui_1_1_line.pdf>
Package pdftex.def Info: classrpgui_1_1ui_1_1_line.pdf  used on input line 6.
(pdftex.def)             Requested size: 132.13087pt x 85.35826pt.
 [41]) (classrplog_1_1_logger.tex [42])
(classrpgui_1_1core_1_1_main_app.tex [43]
Underfull \hbox (badness 10000) detected at line 80
[][][]
 []


Underfull \hbox (badness 10000) detected at line 93
[][][]
 []

[44]
Underfull \hbox (badness 10000) detected at line 106
[][][]
 []


Underfull \hbox (badness 10000) detected at line 119
[][][]
 []

[45]) (structrpgui_1_1common_1_1_margin.tex) (struct_m_k_f_s___p_a_r_m.tex)
(struct_h_i_d_1_1mouse.tex [46]) (classrpgui_1_1event_1_1_mouse_dispatcher.tex)
(classrpgui_1_1event_1_1_mouse_event.tex) (class_pong_1_1_paddle.tex [47])
(classrpgui_1_1page_1_1_page.tex

pdfTeX warning: pdflatex (file ./classrpgui_1_1page_1_1_page.pdf): PDF inclusio
n: found PDF version <1.7>, but at most version <1.5> allowed
 <./classrpgui_1_1page_1_1_page.pdf>
<classrpgui_1_1page_1_1_page.pdf, id=2805, 501.875pt x 265.99374pt>
File: classrpgui_1_1page_1_1_page.pdf Graphic file (type pdf)
<use classrpgui_1_1page_1_1_page.pdf>
Package pdftex.def Info: classrpgui_1_1page_1_1_page.pdf  used on input line 6.

(pdftex.def)             Requested size: 107.36496pt x 56.9055pt.
) (class_pong_1_1_player_score.tex)
(structrpgui_1_1type_1_1_point.tex [48]) (classrpgui_1_1ui_1_1_polyline.tex

pdfTeX warning: pdflatex (file ./classrpgui_1_1ui_1_1_polyline.pdf): PDF inclus
ion: found PDF version <1.7>, but at most version <1.5> allowed
 <./classrpgui_1_1ui_1_1_polyline.pdf>
<classrpgui_1_1ui_1_1_polyline.pdf, id=2837, 501.875pt x 324.21124pt>
File: classrpgui_1_1ui_1_1_polyline.pdf Graphic file (type pdf)
<use classrpgui_1_1ui_1_1_polyline.pdf>
Package pdftex.def Info: classrpgui_1_1ui_1_1_polyline.pdf  used on input line 
6.
(pdftex.def)             Requested size: 132.13087pt x 85.35826pt.
) (class_pong_1_1_pong_game.tex [49])
(structrpgui_1_1core_1_1_cursor_1_1pos__t.tex)
(classrpgui_1_1ui_1_1_progress_bar.tex

pdfTeX warning: pdflatex (file ./classrpgui_1_1ui_1_1_progress_bar.pdf): PDF in
clusion: found PDF version <1.7>, but at most version <1.5> allowed
 <./classrpgui_1_1ui_1_1_progress_bar.pdf>
<classrpgui_1_1ui_1_1_progress_bar.pdf, id=2871, 501.875pt x 324.21124pt>
File: classrpgui_1_1ui_1_1_progress_bar.pdf Graphic file (type pdf)
<use classrpgui_1_1ui_1_1_progress_bar.pdf>
Package pdftex.def Info: classrpgui_1_1ui_1_1_progress_bar.pdf  used on input l
ine 6.
(pdftex.def)             Requested size: 132.13087pt x 85.35826pt.
 [50] [51]) (structputbuff.tex)
(classrpgui_1_1ui_1_1_radio_button.tex

pdfTeX warning: pdflatex (file ./classrpgui_1_1ui_1_1_radio_button.pdf): PDF in
clusion: found PDF version <1.7>, but at most version <1.5> allowed
 <./classrpgui_1_1ui_1_1_radio_button.pdf>
<classrpgui_1_1ui_1_1_radio_button.pdf, id=2932, 501.875pt x 162.6075pt>
File: classrpgui_1_1ui_1_1_radio_button.pdf Graphic file (type pdf)
<use classrpgui_1_1ui_1_1_radio_button.pdf>
Package pdftex.def Info: classrpgui_1_1ui_1_1_radio_button.pdf  used on input l
ine 6.
(pdftex.def)             Requested size: 263.45769pt x 85.35826pt.
 [52] [53])
(structrpgui_1_1type_1_1_radius.tex) (structrpgui_1_1type_1_1_rect.tex)
(classrpgui_1_1ui_1_1_rectangle.tex

pdfTeX warning: pdflatex (file ./classrpgui_1_1ui_1_1_rectangle.pdf): PDF inclu
sion: found PDF version <1.7>, but at most version <1.5> allowed
 <./classrpgui_1_1ui_1_1_rectangle.pdf>
<classrpgui_1_1ui_1_1_rectangle.pdf, id=2982, 501.875pt x 324.21124pt>
File: classrpgui_1_1ui_1_1_rectangle.pdf Graphic file (type pdf)
<use classrpgui_1_1ui_1_1_rectangle.pdf>
Package pdftex.def Info: classrpgui_1_1ui_1_1_rectangle.pdf  used on input line
 6.
(pdftex.def)             Requested size: 132.13087pt x 85.35826pt.
 [54]) (structrtc__save.tex)
(structs_canvas.tex) (structrpgui_1_1type_1_1s_circle.tex)
(structsd__card__t.tex [55]) (classrpgui_1_1util_1_1_s_d_wrapper.tex [56])
(structs_layer.tex) (structs_layer_mode.tex) (structs_layer_prog.tex [57])
(classrpgui_1_1ui_1_1_slider.tex

pdfTeX warning: pdflatex (file ./classrpgui_1_1ui_1_1_slider.pdf): PDF inclusio
n: found PDF version <1.7>, but at most version <1.5> allowed
 <./classrpgui_1_1ui_1_1_slider.pdf>
<classrpgui_1_1ui_1_1_slider.pdf, id=3098, 501.875pt x 162.6075pt>
File: classrpgui_1_1ui_1_1_slider.pdf Graphic file (type pdf)
<use classrpgui_1_1ui_1_1_slider.pdf>
Package pdftex.def Info: classrpgui_1_1ui_1_1_slider.pdf  used on input line 6.

(pdftex.def)             Requested size: 263.45769pt x 85.35826pt.
 [58])
(struct_speed_tester_1_1speed_results.tex) (class_speed_tester.tex)
(structspi__t.tex [59]) (structs_p_l_l.tex) (classrpgui_1_1ui_1_1_sprite.tex

pdfTeX warning: pdflatex (file ./classrpgui_1_1ui_1_1_sprite.pdf): PDF inclusio
n: found PDF version <1.7>, but at most version <1.5> allowed
 <./classrpgui_1_1ui_1_1_sprite.pdf>
<classrpgui_1_1ui_1_1_sprite.pdf, id=3165, 501.875pt x 324.21124pt>
File: classrpgui_1_1ui_1_1_sprite.pdf Graphic file (type pdf)
<use classrpgui_1_1ui_1_1_sprite.pdf>
Package pdftex.def Info: classrpgui_1_1ui_1_1_sprite.pdf  used on input line 6.

(pdftex.def)             Requested size: 132.13087pt x 85.35826pt.
 [60])
(structrpgui_1_1common_1_1_sprite_data.tex [61]) (structs_screen.tex)
(structs_segm.tex) (structs_sprite.tex [62]) (structs_strip.tex)
(classrpgui_1_1layout_1_1_stack_layout.tex

pdfTeX warning: pdflatex (file ./classrpgui_1_1layout_1_1_stack_layout.pdf): PD
F inclusion: found PDF version <1.7>, but at most version <1.5> allowed
 <./classrpgui_1_1layout_1_1_stack_layout.pdf>
<classrpgui_1_1layout_1_1_stack_layout.pdf, id=3262, 501.875pt x 540.0175pt>
File: classrpgui_1_1layout_1_1_stack_layout.pdf Graphic file (type pdf)
<use classrpgui_1_1layout_1_1_stack_layout.pdf>
Package pdftex.def Info: classrpgui_1_1layout_1_1_stack_layout.pdf  used on inp
ut line 6.
(pdftex.def)             Requested size: 132.21512pt x 142.26378pt.
 [63])
(classrpgui_1_1ui_1_1_stepper.tex

pdfTeX warning: pdflatex (file ./classrpgui_1_1ui_1_1_stepper.pdf): PDF inclusi
on: found PDF version <1.7>, but at most version <1.5> allowed
 <./classrpgui_1_1ui_1_1_stepper.pdf>
<classrpgui_1_1ui_1_1_stepper.pdf, id=3298, 501.875pt x 162.6075pt>
File: classrpgui_1_1ui_1_1_stepper.pdf Graphic file (type pdf)
<use classrpgui_1_1ui_1_1_stepper.pdf>
Package pdftex.def Info: classrpgui_1_1ui_1_1_stepper.pdf  used on input line 6
.
(pdftex.def)             Requested size: 263.45769pt x 85.35826pt.

Underfull \hbox (badness 879) in paragraph at lines 15--18
[][] \T1/phv/b/n/10 Step-per \T1/phv/m/n/10 (const [] &width, const [] &height,
 Color []=Color[]::[]White, Color background[]
 []


Underfull \hbox (badness 1320) in paragraph at lines 18--21
[][] \T1/phv/b/n/10 Step-per \T1/phv/m/n/10 (const [] &width, const [] &height,
 T &counter, Color []=Color[]::[]White, Color
 []

[64]) (structs_vga_cfg.tex [65]) (structs_video.tex) (structs_vmode.tex
[66]) (classrpgui_1_1ui_1_1_switch.tex

pdfTeX warning: pdflatex (file ./classrpgui_1_1ui_1_1_switch.pdf): PDF inclusio
n: found PDF version <1.7>, but at most version <1.5> allowed
 <./classrpgui_1_1ui_1_1_switch.pdf>
<classrpgui_1_1ui_1_1_switch.pdf, id=3386, 501.875pt x 162.6075pt>
File: classrpgui_1_1ui_1_1_switch.pdf Graphic file (type pdf)
<use classrpgui_1_1ui_1_1_switch.pdf>
Package pdftex.def Info: classrpgui_1_1ui_1_1_switch.pdf  used on input line 6.

(pdftex.def)             Requested size: 263.45769pt x 85.35826pt.
 [67]
Underfull \hbox (badness 764) in paragraph at lines 21--24
[][] \T1/phv/b/n/10 Switch \T1/phv/m/n/10 (const [] &bounds, const bool &value,
 const Color background[]Color=Color[]::[]Semi[]Gray,
 []

) (classrpgui_1_1util_1_1_timers.tex [68]) (class_pong_1_1_vec2.tex)
(classrpgui_1_1common_1_1_view.tex

pdfTeX warning: pdflatex (file ./classrpgui_1_1common_1_1_view.pdf): PDF inclus
ion: found PDF version <1.7>, but at most version <1.5> allowed
 <./classrpgui_1_1common_1_1_view.pdf>
<classrpgui_1_1common_1_1_view.pdf, id=3472, 501.875pt x 270.00874pt>
File: classrpgui_1_1common_1_1_view.pdf Graphic file (type pdf)
<use classrpgui_1_1common_1_1_view.pdf>
Package pdftex.def Info: classrpgui_1_1common_1_1_view.pdf  used on input line 
6.
(pdftex.def)             Requested size: 264.4379pt x 142.26378pt.
 [69])
(classrpgui_1_1common_1_1_visual_element.tex

pdfTeX warning: pdflatex (file ./classrpgui_1_1common_1_1_visual_element.pdf): 
PDF inclusion: found PDF version <1.7>, but at most version <1.5> allowed
 <./classrpgui_1_1common_1_1_visual_element.pdf>
<classrpgui_1_1common_1_1_visual_element.pdf, id=3507, 501.875pt x 971.63pt>
File: classrpgui_1_1common_1_1_visual_element.pdf Graphic file (type pdf)
<use classrpgui_1_1common_1_1_visual_element.pdf>
Package pdftex.def Info: classrpgui_1_1common_1_1_visual_element.pdf  used on i
nput line 15.
(pdftex.def)             Requested size: 176.35574pt x 341.43306pt.
 [70] [71]
Underfull \hbox (badness 3407) in paragraph at lines 70--71
[]\T1/phv/m/n/10 Implemented in [], [], [], [], [],
 []


Underfull \hbox (badness 968) in paragraph at lines 70--71
[]\T1/phv/m/n/10 , [], [], [], [], and
 []


Underfull \hbox (badness 10000) detected at line 82
[][][]
 []

LaTeX Font Info:    Font shape `T1/phv/b/n' will be
(Font)              scaled to size 7.19995pt on input line 88.
[72]
Underfull \hbox (badness 10000) detected at line 102
[][][]
 []


Underfull \hbox (badness 10000) detected at line 120
[][][]
 []


Underfull \hbox (badness 3158) in paragraph at lines 140--141
[]\T1/phv/m/n/10 Reimplemented in [], [], [], [], and
 []

) (struct_w_a_v_d_a_t_a__.tex [73]) (struct_w_a_v_f_o_r_m_a_t__.tex)
(struct_w_a_v_h_e_a_d__.tex) (structrpgui_1_1type_1_1_width.tex) [74]
Chapter 11.
(dev_2dev_2tusb__config_8h_source.tex [75

])
(dev_2log_2tusb__config_8h_source.tex [76])
(examples_2_pong_2tusb__config_8h_source.tex [77])
(lib_2gui__lib_2config_2tusb__config_8h_source.tex [78])
(dev_2dev_2vga__config_8h_source.tex [79] [80])
(dev_2log_2vga__config_8h_source.tex [81])
(lib_2vga__lib_2include_2vga_2vga__config_8h_source.tex [82] [83])
(_page1_8hpp_source.tex [84]) (_page2_8hpp_source.tex [85])
(pong_8hpp_source.tex [86] [87] [88]) (_speed_test_8hpp_source.tex)
(settings_8hpp_source.tex) (_activatable_8hpp_source.tex [89])
(_bindable_property_8hpp_source.tex [90]) (_bounds_8hpp_source.tex)
(_clickable_8hpp_source.tex [91]) (_element_8hpp_source.tex [92])
(_margin_8hpp_source.tex) (_sprite_data_8hpp_source.tex [93])
(_types_8hpp_source.tex) (_v_colors_8hpp_source.tex [94])
(_view_8hpp_source.tex [95]) (_visual_element_8hpp_source.tex)
(_button_8hpp_source.tex [96]) (_check_box_8hpp_source.tex [97])
(_circle_8hpp_source.tex) (_cursor_8hpp_source.tex [98])
(_entry_8hpp_source.tex) (_label_8hpp_source.tex [99]) (_line_8hpp_source.tex)
(_polyline_8hpp_source.tex [100]) (_progress_bar_8hpp_source.tex [101])
(_radio_button_8hpp_source.tex [102]) (_rectangle_8hpp_source.tex)
(_slider_8hpp_source.tex [103]) (_sprite_8hpp_source.tex)
(_stepper_8hpp_source.tex [104] [105]) (_switch_8hpp_source.tex [106])
(_dispatcher_8hpp_source.tex [107]) (_mouse_dispatcher_8hpp_source.tex)
(_mouse_event_8hpp_source.tex [108]) (include_8hpp_source.tex)
(_absolute_layout_8hpp_source.tex [109]) (_layout_8hpp_source.tex)
(_stack_layout_8hpp_source.tex [110]) (_page_8hpp_source.tex [111])
(rp__core_8hpp_source.tex [112]) (rpgui_8hpp_source.tex)
(_i_v_g_a_8hpp_source.tex [113]) (_timers_8hpp_source.tex [114])
(tusb__data_8hpp_source.tex) (config_8h_source.tex [115]) (draw_8h_source.tex
[116]) (qvga__lib_2include_2qvga_2global_8h_source.tex [117])
(vga__lib_2include_2global_8h_source.tex [118] [119] [120] [121])
(qvga__lib_2include_2qvga_2mat2d_8h_source.tex [122] [123])
(vga__lib_2include_2util_2mat2d_8h_source.tex [124] [125] [126])
(qvga__lib_2include_2qvga_2pwmsnd_8h_source.tex [127])
(vga__lib_2include_2util_2pwmsnd_8h_source.tex [128]) (qvga_8h_source.tex
[129]) (qvga__lib_2include_2qvga_2rand_8h_source.tex [130])
(vga__lib_2include_2util_2rand_8h_source.tex [131] [132])
(rp__logger_8hpp_source.tex [133]) (diskio_8h_source.tex [134])
(ff_8h_source.tex [135] [136] [137] [138] [139]) (ffconf_8h_source.tex [140]
[141] [142] [143]) (f__util_8h_source.tex) (ff__stdio_8h_source.tex [144])
(my__debug_8h_source.tex [145]) (rtc_8h_source.tex) (util_8h_source.tex
[146]) (crc_8h_source.tex [147]) (hw__config_8h_source.tex)
(sd__card_8h_source.tex [148]) (sd__spi_8h_source.tex [149]) (spi_8h_source.tex
[150]) (_s_d_wrapper_8hpp_source.tex) (canvas_8h_source.tex [151] [152])
(overclock_8h_source.tex [153]) (print_8h_source.tex [154])
(define_8h_source.tex [155] [156] [157]) (vga_8h_source.tex [158])
(vga_8pio_8h_source.tex [159] [160] [161] [162]) (vga__layer_8h_source.tex
[163] [164]) (vga__pal_8h_source.tex [165] [166]) (vga__screen_8h_source.tex
[167] [168] [169] [170]) (vga__util_8h_source.tex) (vga__vmode_8h_source.tex
[171] [172] [173]) [174] (refman.ind [175



]
Underfull \hbox (badness 10000) in paragraph at lines 161--163
[]\T1/phv/m/n/10 lib/SDwrapper_lib/FatFs_SPI/sd_driver/hw_config.h,
 []

[176] [177

]) (refman.aux)

LaTeX Warning: There were multiply-defined labels.


Package rerunfilecheck Warning: File `refman.out' has changed.
(rerunfilecheck)                Rerun to get outlines right
(rerunfilecheck)                or use package `bookmark'.

Package rerunfilecheck Info: Checksums for `refman.out':
(rerunfilecheck)             Before: 0B9C92B2A9E7E1DC9FBBC22DFB8B30AA;51098
(rerunfilecheck)             After:  12FC72D33354CA89F6485C5F247B7565;51171.
 ) 
Here is how much of TeX's memory you used:
 21603 strings out of 478338
 435249 string characters out of 2836699
 740263 words of memory out of 3000000
 37842 multiletter control sequences out of 15000+600000
 529869 words of font info for 106 fonts, out of 8000000 for 9000
 1141 hyphenation exceptions out of 8191
 99i,16n,117p,2017b,740s stack positions out of 10000i,1000n,20000p,200000b,80000s
{C:/Users/artof/AppData/Local/Programs/MiKTeX/fonts/enc/dvips/base/8r.enc}<C:
/Users/artof/AppData/Local/Programs/MiKTeX/fonts/type1/public/amsfonts/cm/cmmi1
0.pfb><C:/Users/artof/AppData/Local/Programs/MiKTeX/fonts/type1/public/amsfonts
/cm/cmmi12.pfb><C:/Users/artof/AppData/Local/Programs/MiKTeX/fonts/type1/public
/amsfonts/cm/cmmi7.pfb><C:/Users/artof/AppData/Local/Programs/MiKTeX/fonts/type
1/public/amsfonts/cm/cmmi8.pfb><C:/Users/artof/AppData/Local/Programs/MiKTeX/fo
nts/type1/public/amsfonts/cm/cmsy10.pfb><C:/Users/artof/AppData/Local/Programs/
MiKTeX/fonts/type1/public/amsfonts/cm/cmsy7.pfb><C:/Users/artof/AppData/Local/P
rograms/MiKTeX/fonts/type1/public/amsfonts/cm/cmsy8.pfb><C:/Users/artof/AppData
/Local/Programs/MiKTeX/fonts/type1/urw/courier/ucrb8a.pfb><C:/Users/artof/AppDa
ta/Local/Programs/MiKTeX/fonts/type1/urw/courier/ucrr8a.pfb><C:/Users/artof/App
Data/Local/Programs/MiKTeX/fonts/type1/urw/courier/ucrro8a.pfb><C:/Users/artof/
AppData/Local/Programs/MiKTeX/fonts/type1/urw/helvetic/uhvb8a.pfb><C:/Users/art
of/AppData/Local/Programs/MiKTeX/fonts/type1/urw/helvetic/uhvb8ac.pfb><C:/Users
/artof/AppData/Local/Programs/MiKTeX/fonts/type1/urw/helvetic/uhvr8a.pfb><C:/Us
ers/artof/AppData/Local/Programs/MiKTeX/fonts/type1/urw/helvetic/uhvro8a.pfb>
Output written on refman.pdf (187 pages, 1361807 bytes).
PDF statistics:
 5568 PDF objects out of 6186 (max. 8388607)
 1477 named destinations out of 1728 (max. 500000)
 2198 words of extra memory for PDF output out of 10000 (max. 10000000)

